[2020-02-10 17:55:54.580] [renderer1] [error] Error: [File Watcher (node.js)] Failed to watch /home/nadhir/Documents/vertuoz-dashboard/.vscode for changes using fs.watch() (Error: ENOSPC: System limit for number of file watchers reached, watch '/home/nadhir/Documents/vertuoz-dashboard/.vscode')
[2020-02-10 17:55:54.608] [renderer1] [error] [File Watcher (node.js)] Failed to watch /home/nadhir/Documents/vertuoz-dashboard/.vscode for changes using fs.watch() (Error: ENOSPC: System limit for number of file watchers reached, watch '/home/nadhir/Documents/vertuoz-dashboard/.vscode')
[2020-02-10 17:55:54.680] [renderer1] [error] Error: [File Watcher (node.js)] Failed to watch /home/nadhir/Documents/SensorsSampleApp/User/snippets for changes using fs.watch() (Error: ENOSPC: System limit for number of file watchers reached, watch '/home/nadhir/Documents/SensorsSampleApp/User/snippets')
[2020-02-10 17:55:54.822] [renderer1] [error] [File Watcher (node.js)] Failed to watch /home/nadhir/Documents/SensorsSampleApp/User/snippets for changes using fs.watch() (Error: ENOSPC: System limit for number of file watchers reached, watch '/home/nadhir/Documents/SensorsSampleApp/User/snippets')
[2020-02-10 17:56:35.935] [renderer1] [error] Error: [File Watcher (nsfw)] Inotify limit reached (ENOSPC)
[2020-02-10 17:56:36.036] [renderer1] [error] [File Watcher (nsfw)] Inotify limit reached (ENOSPC)
[2020-02-10 18:04:09.178] [renderer1] [error] <semantic> TypeScript Server Error (3.7.3)
Maximum call stack size exceeded
RangeError: Maximum call stack size exceeded
    at String.replace (<anonymous>)
    at normalizeSlashes (tsserver.js:5897:21)
    at combinePaths (tsserver.js:5958:28)
    at getPathComponents (tsserver.js:5872:16)
    at normalizePath (tsserver.js:6006:73)
    at Object.toPath (tsserver.js:6021:15)
    at toPath (tsserver.js:115355:23)
    at getSourceFile (tsserver.js:115407:24)
    at tryGetSourcePosition (tsserver.js:115376:24)
    at tryGetSourcePosition (tsserver.js:115380:61)
    at tryGetSourcePosition (tsserver.js:115380:61)
    at tryGetSourcePosition (tsserver.js:115380:61)
    at tryGetSourcePosition (tsserver.js:115380:61)
    at tryGetSourcePosition (tsserver.js:115380:61)
    at tryGetSourcePosition (tsserver.js:115380:61)
    at tryGetSourcePosition (tsserver.js:115380:61)
    at tryGetSourcePosition (tsserver.js:115380:61)
    at tryGetSourcePosition (tsserver.js:115380:61)
    at tryGetSourcePosition (tsserver.js:115380:61)
    at tryGetSourcePosition (tsserver.js:115380:61)
    at tryGetSourcePosition (tsserver.js:115380:61)
    at tryGetSourcePosition (tsserver.js:115380:61)
    at tryGetSourcePosition (tsserver.js:115380:61)
    at tryGetSourcePosition (tsserver.js:115380:61)
    at tryGetSourcePosition (tsserver.js:115380:61)
    at tryGetSourcePosition (tsserver.js:115380:61)
    at tryGetSourcePosition (tsserver.js:115380:61)
    at tryGetSourcePosition (tsserver.js:115380:61)
    at tryGetSourcePosition (tsserver.js:115380:61)
    at tryGetSourcePosition (tsserver.js:115380:61)
    at tryGetSourcePosition (tsserver.js:115380:61)
    at tryGetSourcePosition (tsserver.js:115380:61)
    at tryGetSourcePosition (tsserver.js:115380:61)
    at tryGetSourcePosition (tsserver.js:115380:61)
    at tryGetSourcePosition (tsserver.js:115380:61)
    at tryGetSourcePosition (tsserver.js:115380:61)
    at tryGetSourcePosition (tsserver.js:115380:61)
    at tryGetSourcePosition (tsserver.js:115380:61)
    at tryGetSourcePosition (tsserver.js:115380:61)
    at tryGetSourcePosition (tsserver.js:115380:61)
    at tryGetSourcePosition (tsserver.js:115380:61)
    at tryGetSourcePosition (tsserver.js:115380:61)
    at tryGetSourcePosition (tsserver.js:115380:61)
    at tryGetSourcePosition (tsserver.js:115380:61)
    at tryGetSourcePosition (tsserver.js:115380:61)
    at tryGetSourcePosition (tsserver.js:115380:61)
    at tryGetSourcePosition (tsserver.js:115380:61)
    at tryGetSourcePosition (tsserver.js:115380:61)
    at tryGetSourcePosition (tsserver.js:115380:61)
    at tryGetSourcePosition (tsserver.js:115380:61)
    at tryGetSourcePosition (tsserver.js:115380:61)
    at tryGetSourcePosition (tsserver.js:115380:61)
    at tryGetSourcePosition (tsserver.js:115380:61)
    at tryGetSourcePosition (tsserver.js:115380:61)
    at tryGetSourcePosition (tsserver.js:115380:61)
    at tryGetSourcePosition (tsserver.js:115380:61)
    at tryGetSourcePosition (tsserver.js:115380:61)
    at tryGetSourcePosition (tsserver.js:115380:61)
    at tryGetSourcePosition (tsserver.js:115380:61)
    at tryGetSourcePosition (tsserver.js:115380:61)
    at tryGetSourcePosition (tsserver.js:115380:61)
    at tryGetSourcePosition (tsserver.js:115380:61)
    at tryGetSourcePosition (tsserver.js:115380:61)
    at tryGetSourcePosition (tsserver.js:115380:61)
    at tryGetSourcePosition (tsserver.js:115380:61)
    at tryGetSourcePosition (tsserver.js:115380:61)
    at tryGetSourcePosition (tsserver.js:115380:61)
    at tryGetSourcePosition (tsserver.js:115380:61)
    at tryGetSourcePosition (tsserver.js:115380:61)
    at tryGetSourcePosition (tsserver.js:115380:61)
    at tryGetSourcePosition (tsserver.js:115380:61)
    at tryGetSourcePosition (tsserver.js:115380:61)
    at tryGetSourcePosition (tsserver.js:115380:61)
    at tryGetSourcePosition (tsserver.js:115380:61)
    at tryGetSourcePosition (tsserver.js:115380:61)
    at tryGetSourcePosition (tsserver.js:115380:61)
    at tryGetSourcePosition (tsserver.js:115380:61)
    at tryGetSourcePosition (tsserver.js:115380:61)
    at tryGetSourcePosition (tsserver.js:115380:61)
    at tryGetSourcePosition (tsserver.js:115380:61)
    at tryGetSourcePosition (tsserver.js:115380:61)
    at tryGetSourcePosition (tsserver.js:115380:61)
    at tryGetSourcePosition (tsserver.js:115380:61)
    at tryGetSourcePosition (tsserver.js:115380:61)
    at tryGetSourcePosition (tsserver.js:115380:61)
    at tryGetSourcePosition (tsserver.js:115380:61)
    at tryGetSourcePosition (tsserver.js:115380:61)
    at tryGetSourcePosition (tsserver.js:115380:61)
    at tryGetSourcePosition (tsserver.js:115380:61)
    at tryGetSourcePosition (tsserver.js:115380:61)
    at tryGetSourcePosition (tsserver.js:115380:61)
    at tryGetSourcePosition (tsserver.js:115380:61)
    at tryGetSourcePosition (tsserver.js:115380:61)
    at tryGetSourcePosition (tsserver.js:115380:61)
    at tryGetSourcePosition (tsserver.js:115380:61)
    at tryGetSourcePosition (tsserver.js:115380:61)
    at tryGetSourcePosition (tsserver.js:115380:61)
    at tryGetSourcePosition (tsserver.js:115380:61)
    at tryGetSourcePosition (tsserver.js:115380:61)
    at tryGetSourcePosition (tsserver.js:115380:61): Error: <semantic> TypeScript Server Error (3.7.3)
Maximum call stack size exceeded
RangeError: Maximum call stack size exceeded
    at String.replace (<anonymous>)
    at normalizeSlashes (tsserver.js:5897:21)
    at combinePaths (tsserver.js:5958:28)
    at getPathComponents (tsserver.js:5872:16)
    at normalizePath (tsserver.js:6006:73)
    at Object.toPath (tsserver.js:6021:15)
    at toPath (tsserver.js:115355:23)
    at getSourceFile (tsserver.js:115407:24)
    at tryGetSourcePosition (tsserver.js:115376:24)
    at tryGetSourcePosition (tsserver.js:115380:61)
    at tryGetSourcePosition (tsserver.js:115380:61)
    at tryGetSourcePosition (tsserver.js:115380:61)
    at tryGetSourcePosition (tsserver.js:115380:61)
    at tryGetSourcePosition (tsserver.js:115380:61)
    at tryGetSourcePosition (tsserver.js:115380:61)
    at tryGetSourcePosition (tsserver.js:115380:61)
    at tryGetSourcePosition (tsserver.js:115380:61)
    at tryGetSourcePosition (tsserver.js:115380:61)
    at tryGetSourcePosition (tsserver.js:115380:61)
    at tryGetSourcePosition (tsserver.js:115380:61)
    at tryGetSourcePosition (tsserver.js:115380:61)
    at tryGetSourcePosition (tsserver.js:115380:61)
    at tryGetSourcePosition (tsserver.js:115380:61)
    at tryGetSourcePosition (tsserver.js:115380:61)
    at tryGetSourcePosition (tsserver.js:115380:61)
    at tryGetSourcePosition (tsserver.js:115380:61)
    at tryGetSourcePosition (tsserver.js:115380:61)
    at tryGetSourcePosition (tsserver.js:115380:61)
    at tryGetSourcePosition (tsserver.js:115380:61)
    at tryGetSourcePosition (tsserver.js:115380:61)
    at tryGetSourcePosition (tsserver.js:115380:61)
    at tryGetSourcePosition (tsserver.js:115380:61)
    at tryGetSourcePosition (tsserver.js:115380:61)
    at tryGetSourcePosition (tsserver.js:115380:61)
    at tryGetSourcePosition (tsserver.js:115380:61)
    at tryGetSourcePosition (tsserver.js:115380:61)
    at tryGetSourcePosition (tsserver.js:115380:61)
    at tryGetSourcePosition (tsserver.js:115380:61)
    at tryGetSourcePosition (tsserver.js:115380:61)
    at tryGetSourcePosition (tsserver.js:115380:61)
    at tryGetSourcePosition (tsserver.js:115380:61)
    at tryGetSourcePosition (tsserver.js:115380:61)
    at tryGetSourcePosition (tsserver.js:115380:61)
    at tryGetSourcePosition (tsserver.js:115380:61)
    at tryGetSourcePosition (tsserver.js:115380:61)
    at tryGetSourcePosition (tsserver.js:115380:61)
    at tryGetSourcePosition (tsserver.js:115380:61)
    at tryGetSourcePosition (tsserver.js:115380:61)
    at tryGetSourcePosition (tsserver.js:115380:61)
    at tryGetSourcePosition (tsserver.js:115380:61)
    at tryGetSourcePosition (tsserver.js:115380:61)
    at tryGetSourcePosition (tsserver.js:115380:61)
    at tryGetSourcePosition (tsserver.js:115380:61)
    at tryGetSourcePosition (tsserver.js:115380:61)
    at tryGetSourcePosition (tsserver.js:115380:61)
    at tryGetSourcePosition (tsserver.js:115380:61)
    at tryGetSourcePosition (tsserver.js:115380:61)
    at tryGetSourcePosition (tsserver.js:115380:61)
    at tryGetSourcePosition (tsserver.js:115380:61)
    at tryGetSourcePosition (tsserver.js:115380:61)
    at tryGetSourcePosition (tsserver.js:115380:61)
    at tryGetSourcePosition (tsserver.js:115380:61)
    at tryGetSourcePosition (tsserver.js:115380:61)
    at tryGetSourcePosition (tsserver.js:115380:61)
    at tryGetSourcePosition (tsserver.js:115380:61)
    at tryGetSourcePosition (tsserver.js:115380:61)
    at tryGetSourcePosition (tsserver.js:115380:61)
    at tryGetSourcePosition (tsserver.js:115380:61)
    at tryGetSourcePosition (tsserver.js:115380:61)
    at tryGetSourcePosition (tsserver.js:115380:61)
    at tryGetSourcePosition (tsserver.js:115380:61)
    at tryGetSourcePosition (tsserver.js:115380:61)
    at tryGetSourcePosition (tsserver.js:115380:61)
    at tryGetSourcePosition (tsserver.js:115380:61)
    at tryGetSourcePosition (tsserver.js:115380:61)
    at tryGetSourcePosition (tsserver.js:115380:61)
    at tryGetSourcePosition (tsserver.js:115380:61)
    at tryGetSourcePosition (tsserver.js:115380:61)
    at tryGetSourcePosition (tsserver.js:115380:61)
    at tryGetSourcePosition (tsserver.js:115380:61)
    at tryGetSourcePosition (tsserver.js:115380:61)
    at tryGetSourcePosition (tsserver.js:115380:61)
    at tryGetSourcePosition (tsserver.js:115380:61)
    at tryGetSourcePosition (tsserver.js:115380:61)
    at tryGetSourcePosition (tsserver.js:115380:61)
    at tryGetSourcePosition (tsserver.js:115380:61)
    at tryGetSourcePosition (tsserver.js:115380:61)
    at tryGetSourcePosition (tsserver.js:115380:61)
    at tryGetSourcePosition (tsserver.js:115380:61)
    at tryGetSourcePosition (tsserver.js:115380:61)
    at tryGetSourcePosition (tsserver.js:115380:61)
    at tryGetSourcePosition (tsserver.js:115380:61)
    at tryGetSourcePosition (tsserver.js:115380:61)
    at tryGetSourcePosition (tsserver.js:115380:61)
    at tryGetSourcePosition (tsserver.js:115380:61)
    at tryGetSourcePosition (tsserver.js:115380:61)
    at tryGetSourcePosition (tsserver.js:115380:61)
    at tryGetSourcePosition (tsserver.js:115380:61)
    at tryGetSourcePosition (tsserver.js:115380:61)
    at tryGetSourcePosition (tsserver.js:115380:61)
	at Function.create (/usr/share/code/resources/app/extensions/typescript-language-features/dist/extension.js:1:47388)
	at h.dispatchResponse (/usr/share/code/resources/app/extensions/typescript-language-features/dist/extension.js:1:206557)
	at h.dispatchMessage (/usr/share/code/resources/app/extensions/typescript-language-features/dist/extension.js:1:205455)
	at /usr/share/code/resources/app/extensions/typescript-language-features/dist/extension.js:1:204931
	at l.fire (/usr/share/code/resources/app/out/vs/workbench/services/extensions/node/extensionHostProcess.js:46:893)
	at t.Reader.onLengthData (/usr/share/code/resources/app/extensions/typescript-language-features/dist/extension.js:1:212021)
	at Socket.<anonymous> (/usr/share/code/resources/app/extensions/typescript-language-features/dist/extension.js:1:211669)
	at Socket.emit (events.js:200:13)
	at addChunk (_stream_readable.js:294:12)
	at readableAddChunk (_stream_readable.js:275:11)
	at Socket.Readable.push (_stream_readable.js:210:10)
	at Pipe.onStreamRead (internal/stream_base_commons.js:166:17)
[2020-02-10 18:20:05.177] [renderer1] [error] <semantic> TypeScript Server Error (3.7.3)
Maximum call stack size exceeded
RangeError: Maximum call stack size exceeded
    at String.replace (<anonymous>)
    at normalizeSlashes (tsserver.js:5897:21)
    at combinePaths (tsserver.js:5958:28)
    at getPathComponents (tsserver.js:5872:16)
    at normalizePath (tsserver.js:6006:73)
    at Object.toPath (tsserver.js:6021:15)
    at toPath (tsserver.js:115355:23)
    at getSourceFile (tsserver.js:115407:24)
    at tryGetSourcePosition (tsserver.js:115376:24)
    at tryGetSourcePosition (tsserver.js:115380:61)
    at tryGetSourcePosition (tsserver.js:115380:61)
    at tryGetSourcePosition (tsserver.js:115380:61)
    at tryGetSourcePosition (tsserver.js:115380:61)
    at tryGetSourcePosition (tsserver.js:115380:61)
    at tryGetSourcePosition (tsserver.js:115380:61)
    at tryGetSourcePosition (tsserver.js:115380:61)
    at tryGetSourcePosition (tsserver.js:115380:61)
    at tryGetSourcePosition (tsserver.js:115380:61)
    at tryGetSourcePosition (tsserver.js:115380:61)
    at tryGetSourcePosition (tsserver.js:115380:61)
    at tryGetSourcePosition (tsserver.js:115380:61)
    at tryGetSourcePosition (tsserver.js:115380:61)
    at tryGetSourcePosition (tsserver.js:115380:61)
    at tryGetSourcePosition (tsserver.js:115380:61)
    at tryGetSourcePosition (tsserver.js:115380:61)
    at tryGetSourcePosition (tsserver.js:115380:61)
    at tryGetSourcePosition (tsserver.js:115380:61)
    at tryGetSourcePosition (tsserver.js:115380:61)
    at tryGetSourcePosition (tsserver.js:115380:61)
    at tryGetSourcePosition (tsserver.js:115380:61)
    at tryGetSourcePosition (tsserver.js:115380:61)
    at tryGetSourcePosition (tsserver.js:115380:61)
    at tryGetSourcePosition (tsserver.js:115380:61)
    at tryGetSourcePosition (tsserver.js:115380:61)
    at tryGetSourcePosition (tsserver.js:115380:61)
    at tryGetSourcePosition (tsserver.js:115380:61)
    at tryGetSourcePosition (tsserver.js:115380:61)
    at tryGetSourcePosition (tsserver.js:115380:61)
    at tryGetSourcePosition (tsserver.js:115380:61)
    at tryGetSourcePosition (tsserver.js:115380:61)
    at tryGetSourcePosition (tsserver.js:115380:61)
    at tryGetSourcePosition (tsserver.js:115380:61)
    at tryGetSourcePosition (tsserver.js:115380:61)
    at tryGetSourcePosition (tsserver.js:115380:61)
    at tryGetSourcePosition (tsserver.js:115380:61)
    at tryGetSourcePosition (tsserver.js:115380:61)
    at tryGetSourcePosition (tsserver.js:115380:61)
    at tryGetSourcePosition (tsserver.js:115380:61)
    at tryGetSourcePosition (tsserver.js:115380:61)
    at tryGetSourcePosition (tsserver.js:115380:61)
    at tryGetSourcePosition (tsserver.js:115380:61)
    at tryGetSourcePosition (tsserver.js:115380:61)
    at tryGetSourcePosition (tsserver.js:115380:61)
    at tryGetSourcePosition (tsserver.js:115380:61)
    at tryGetSourcePosition (tsserver.js:115380:61)
    at tryGetSourcePosition (tsserver.js:115380:61)
    at tryGetSourcePosition (tsserver.js:115380:61)
    at tryGetSourcePosition (tsserver.js:115380:61)
    at tryGetSourcePosition (tsserver.js:115380:61)
    at tryGetSourcePosition (tsserver.js:115380:61)
    at tryGetSourcePosition (tsserver.js:115380:61)
    at tryGetSourcePosition (tsserver.js:115380:61)
    at tryGetSourcePosition (tsserver.js:115380:61)
    at tryGetSourcePosition (tsserver.js:115380:61)
    at tryGetSourcePosition (tsserver.js:115380:61)
    at tryGetSourcePosition (tsserver.js:115380:61)
    at tryGetSourcePosition (tsserver.js:115380:61)
    at tryGetSourcePosition (tsserver.js:115380:61)
    at tryGetSourcePosition (tsserver.js:115380:61)
    at tryGetSourcePosition (tsserver.js:115380:61)
    at tryGetSourcePosition (tsserver.js:115380:61)
    at tryGetSourcePosition (tsserver.js:115380:61)
    at tryGetSourcePosition (tsserver.js:115380:61)
    at tryGetSourcePosition (tsserver.js:115380:61)
    at tryGetSourcePosition (tsserver.js:115380:61)
    at tryGetSourcePosition (tsserver.js:115380:61)
    at tryGetSourcePosition (tsserver.js:115380:61)
    at tryGetSourcePosition (tsserver.js:115380:61)
    at tryGetSourcePosition (tsserver.js:115380:61)
    at tryGetSourcePosition (tsserver.js:115380:61)
    at tryGetSourcePosition (tsserver.js:115380:61)
    at tryGetSourcePosition (tsserver.js:115380:61)
    at tryGetSourcePosition (tsserver.js:115380:61)
    at tryGetSourcePosition (tsserver.js:115380:61)
    at tryGetSourcePosition (tsserver.js:115380:61)
    at tryGetSourcePosition (tsserver.js:115380:61)
    at tryGetSourcePosition (tsserver.js:115380:61)
    at tryGetSourcePosition (tsserver.js:115380:61)
    at tryGetSourcePosition (tsserver.js:115380:61)
    at tryGetSourcePosition (tsserver.js:115380:61)
    at tryGetSourcePosition (tsserver.js:115380:61)
    at tryGetSourcePosition (tsserver.js:115380:61)
    at tryGetSourcePosition (tsserver.js:115380:61)
    at tryGetSourcePosition (tsserver.js:115380:61)
    at tryGetSourcePosition (tsserver.js:115380:61)
    at tryGetSourcePosition (tsserver.js:115380:61)
    at tryGetSourcePosition (tsserver.js:115380:61)
    at tryGetSourcePosition (tsserver.js:115380:61)
    at tryGetSourcePosition (tsserver.js:115380:61)
    at tryGetSourcePosition (tsserver.js:115380:61): Error: <semantic> TypeScript Server Error (3.7.3)
Maximum call stack size exceeded
RangeError: Maximum call stack size exceeded
    at String.replace (<anonymous>)
    at normalizeSlashes (tsserver.js:5897:21)
    at combinePaths (tsserver.js:5958:28)
    at getPathComponents (tsserver.js:5872:16)
    at normalizePath (tsserver.js:6006:73)
    at Object.toPath (tsserver.js:6021:15)
    at toPath (tsserver.js:115355:23)
    at getSourceFile (tsserver.js:115407:24)
    at tryGetSourcePosition (tsserver.js:115376:24)
    at tryGetSourcePosition (tsserver.js:115380:61)
    at tryGetSourcePosition (tsserver.js:115380:61)
    at tryGetSourcePosition (tsserver.js:115380:61)
    at tryGetSourcePosition (tsserver.js:115380:61)
    at tryGetSourcePosition (tsserver.js:115380:61)
    at tryGetSourcePosition (tsserver.js:115380:61)
    at tryGetSourcePosition (tsserver.js:115380:61)
    at tryGetSourcePosition (tsserver.js:115380:61)
    at tryGetSourcePosition (tsserver.js:115380:61)
    at tryGetSourcePosition (tsserver.js:115380:61)
    at tryGetSourcePosition (tsserver.js:115380:61)
    at tryGetSourcePosition (tsserver.js:115380:61)
    at tryGetSourcePosition (tsserver.js:115380:61)
    at tryGetSourcePosition (tsserver.js:115380:61)
    at tryGetSourcePosition (tsserver.js:115380:61)
    at tryGetSourcePosition (tsserver.js:115380:61)
    at tryGetSourcePosition (tsserver.js:115380:61)
    at tryGetSourcePosition (tsserver.js:115380:61)
    at tryGetSourcePosition (tsserver.js:115380:61)
    at tryGetSourcePosition (tsserver.js:115380:61)
    at tryGetSourcePosition (tsserver.js:115380:61)
    at tryGetSourcePosition (tsserver.js:115380:61)
    at tryGetSourcePosition (tsserver.js:115380:61)
    at tryGetSourcePosition (tsserver.js:115380:61)
    at tryGetSourcePosition (tsserver.js:115380:61)
    at tryGetSourcePosition (tsserver.js:115380:61)
    at tryGetSourcePosition (tsserver.js:115380:61)
    at tryGetSourcePosition (tsserver.js:115380:61)
    at tryGetSourcePosition (tsserver.js:115380:61)
    at tryGetSourcePosition (tsserver.js:115380:61)
    at tryGetSourcePosition (tsserver.js:115380:61)
    at tryGetSourcePosition (tsserver.js:115380:61)
    at tryGetSourcePosition (tsserver.js:115380:61)
    at tryGetSourcePosition (tsserver.js:115380:61)
    at tryGetSourcePosition (tsserver.js:115380:61)
    at tryGetSourcePosition (tsserver.js:115380:61)
    at tryGetSourcePosition (tsserver.js:115380:61)
    at tryGetSourcePosition (tsserver.js:115380:61)
    at tryGetSourcePosition (tsserver.js:115380:61)
    at tryGetSourcePosition (tsserver.js:115380:61)
    at tryGetSourcePosition (tsserver.js:115380:61)
    at tryGetSourcePosition (tsserver.js:115380:61)
    at tryGetSourcePosition (tsserver.js:115380:61)
    at tryGetSourcePosition (tsserver.js:115380:61)
    at tryGetSourcePosition (tsserver.js:115380:61)
    at tryGetSourcePosition (tsserver.js:115380:61)
    at tryGetSourcePosition (tsserver.js:115380:61)
    at tryGetSourcePosition (tsserver.js:115380:61)
    at tryGetSourcePosition (tsserver.js:115380:61)
    at tryGetSourcePosition (tsserver.js:115380:61)
    at tryGetSourcePosition (tsserver.js:115380:61)
    at tryGetSourcePosition (tsserver.js:115380:61)
    at tryGetSourcePosition (tsserver.js:115380:61)
    at tryGetSourcePosition (tsserver.js:115380:61)
    at tryGetSourcePosition (tsserver.js:115380:61)
    at tryGetSourcePosition (tsserver.js:115380:61)
    at tryGetSourcePosition (tsserver.js:115380:61)
    at tryGetSourcePosition (tsserver.js:115380:61)
    at tryGetSourcePosition (tsserver.js:115380:61)
    at tryGetSourcePosition (tsserver.js:115380:61)
    at tryGetSourcePosition (tsserver.js:115380:61)
    at tryGetSourcePosition (tsserver.js:115380:61)
    at tryGetSourcePosition (tsserver.js:115380:61)
    at tryGetSourcePosition (tsserver.js:115380:61)
    at tryGetSourcePosition (tsserver.js:115380:61)
    at tryGetSourcePosition (tsserver.js:115380:61)
    at tryGetSourcePosition (tsserver.js:115380:61)
    at tryGetSourcePosition (tsserver.js:115380:61)
    at tryGetSourcePosition (tsserver.js:115380:61)
    at tryGetSourcePosition (tsserver.js:115380:61)
    at tryGetSourcePosition (tsserver.js:115380:61)
    at tryGetSourcePosition (tsserver.js:115380:61)
    at tryGetSourcePosition (tsserver.js:115380:61)
    at tryGetSourcePosition (tsserver.js:115380:61)
    at tryGetSourcePosition (tsserver.js:115380:61)
    at tryGetSourcePosition (tsserver.js:115380:61)
    at tryGetSourcePosition (tsserver.js:115380:61)
    at tryGetSourcePosition (tsserver.js:115380:61)
    at tryGetSourcePosition (tsserver.js:115380:61)
    at tryGetSourcePosition (tsserver.js:115380:61)
    at tryGetSourcePosition (tsserver.js:115380:61)
    at tryGetSourcePosition (tsserver.js:115380:61)
    at tryGetSourcePosition (tsserver.js:115380:61)
    at tryGetSourcePosition (tsserver.js:115380:61)
    at tryGetSourcePosition (tsserver.js:115380:61)
    at tryGetSourcePosition (tsserver.js:115380:61)
    at tryGetSourcePosition (tsserver.js:115380:61)
    at tryGetSourcePosition (tsserver.js:115380:61)
    at tryGetSourcePosition (tsserver.js:115380:61)
    at tryGetSourcePosition (tsserver.js:115380:61)
    at tryGetSourcePosition (tsserver.js:115380:61)
	at Function.create (/usr/share/code/resources/app/extensions/typescript-language-features/dist/extension.js:1:47388)
	at h.dispatchResponse (/usr/share/code/resources/app/extensions/typescript-language-features/dist/extension.js:1:206557)
	at h.dispatchMessage (/usr/share/code/resources/app/extensions/typescript-language-features/dist/extension.js:1:205455)
	at /usr/share/code/resources/app/extensions/typescript-language-features/dist/extension.js:1:204931
	at l.fire (/usr/share/code/resources/app/out/vs/workbench/services/extensions/node/extensionHostProcess.js:46:893)
	at t.Reader.onLengthData (/usr/share/code/resources/app/extensions/typescript-language-features/dist/extension.js:1:212021)
	at Socket.<anonymous> (/usr/share/code/resources/app/extensions/typescript-language-features/dist/extension.js:1:211669)
	at Socket.emit (events.js:200:13)
	at addChunk (_stream_readable.js:294:12)
	at readableAddChunk (_stream_readable.js:275:11)
	at Socket.Readable.push (_stream_readable.js:210:10)
	at Pipe.onStreamRead (internal/stream_base_commons.js:166:17)
[2020-02-10 18:20:06.240] [renderer1] [error] <semantic> TypeScript Server Error (3.7.3)
Maximum call stack size exceeded
RangeError: Maximum call stack size exceeded
    at String.replace (<anonymous>)
    at normalizeSlashes (tsserver.js:5897:21)
    at combinePaths (tsserver.js:5958:28)
    at getPathComponents (tsserver.js:5872:16)
    at normalizePath (tsserver.js:6006:73)
    at Object.toPath (tsserver.js:6021:15)
    at toPath (tsserver.js:115355:23)
    at getSourceFile (tsserver.js:115407:24)
    at tryGetSourcePosition (tsserver.js:115376:24)
    at tryGetSourcePosition (tsserver.js:115380:61)
    at tryGetSourcePosition (tsserver.js:115380:61)
    at tryGetSourcePosition (tsserver.js:115380:61)
    at tryGetSourcePosition (tsserver.js:115380:61)
    at tryGetSourcePosition (tsserver.js:115380:61)
    at tryGetSourcePosition (tsserver.js:115380:61)
    at tryGetSourcePosition (tsserver.js:115380:61)
    at tryGetSourcePosition (tsserver.js:115380:61)
    at tryGetSourcePosition (tsserver.js:115380:61)
    at tryGetSourcePosition (tsserver.js:115380:61)
    at tryGetSourcePosition (tsserver.js:115380:61)
    at tryGetSourcePosition (tsserver.js:115380:61)
    at tryGetSourcePosition (tsserver.js:115380:61)
    at tryGetSourcePosition (tsserver.js:115380:61)
    at tryGetSourcePosition (tsserver.js:115380:61)
    at tryGetSourcePosition (tsserver.js:115380:61)
    at tryGetSourcePosition (tsserver.js:115380:61)
    at tryGetSourcePosition (tsserver.js:115380:61)
    at tryGetSourcePosition (tsserver.js:115380:61)
    at tryGetSourcePosition (tsserver.js:115380:61)
    at tryGetSourcePosition (tsserver.js:115380:61)
    at tryGetSourcePosition (tsserver.js:115380:61)
    at tryGetSourcePosition (tsserver.js:115380:61)
    at tryGetSourcePosition (tsserver.js:115380:61)
    at tryGetSourcePosition (tsserver.js:115380:61)
    at tryGetSourcePosition (tsserver.js:115380:61)
    at tryGetSourcePosition (tsserver.js:115380:61)
    at tryGetSourcePosition (tsserver.js:115380:61)
    at tryGetSourcePosition (tsserver.js:115380:61)
    at tryGetSourcePosition (tsserver.js:115380:61)
    at tryGetSourcePosition (tsserver.js:115380:61)
    at tryGetSourcePosition (tsserver.js:115380:61)
    at tryGetSourcePosition (tsserver.js:115380:61)
    at tryGetSourcePosition (tsserver.js:115380:61)
    at tryGetSourcePosition (tsserver.js:115380:61)
    at tryGetSourcePosition (tsserver.js:115380:61)
    at tryGetSourcePosition (tsserver.js:115380:61)
    at tryGetSourcePosition (tsserver.js:115380:61)
    at tryGetSourcePosition (tsserver.js:115380:61)
    at tryGetSourcePosition (tsserver.js:115380:61)
    at tryGetSourcePosition (tsserver.js:115380:61)
    at tryGetSourcePosition (tsserver.js:115380:61)
    at tryGetSourcePosition (tsserver.js:115380:61)
    at tryGetSourcePosition (tsserver.js:115380:61)
    at tryGetSourcePosition (tsserver.js:115380:61)
    at tryGetSourcePosition (tsserver.js:115380:61)
    at tryGetSourcePosition (tsserver.js:115380:61)
    at tryGetSourcePosition (tsserver.js:115380:61)
    at tryGetSourcePosition (tsserver.js:115380:61)
    at tryGetSourcePosition (tsserver.js:115380:61)
    at tryGetSourcePosition (tsserver.js:115380:61)
    at tryGetSourcePosition (tsserver.js:115380:61)
    at tryGetSourcePosition (tsserver.js:115380:61)
    at tryGetSourcePosition (tsserver.js:115380:61)
    at tryGetSourcePosition (tsserver.js:115380:61)
    at tryGetSourcePosition (tsserver.js:115380:61)
    at tryGetSourcePosition (tsserver.js:115380:61)
    at tryGetSourcePosition (tsserver.js:115380:61)
    at tryGetSourcePosition (tsserver.js:115380:61)
    at tryGetSourcePosition (tsserver.js:115380:61)
    at tryGetSourcePosition (tsserver.js:115380:61)
    at tryGetSourcePosition (tsserver.js:115380:61)
    at tryGetSourcePosition (tsserver.js:115380:61)
    at tryGetSourcePosition (tsserver.js:115380:61)
    at tryGetSourcePosition (tsserver.js:115380:61)
    at tryGetSourcePosition (tsserver.js:115380:61)
    at tryGetSourcePosition (tsserver.js:115380:61)
    at tryGetSourcePosition (tsserver.js:115380:61)
    at tryGetSourcePosition (tsserver.js:115380:61)
    at tryGetSourcePosition (tsserver.js:115380:61)
    at tryGetSourcePosition (tsserver.js:115380:61)
    at tryGetSourcePosition (tsserver.js:115380:61)
    at tryGetSourcePosition (tsserver.js:115380:61)
    at tryGetSourcePosition (tsserver.js:115380:61)
    at tryGetSourcePosition (tsserver.js:115380:61)
    at tryGetSourcePosition (tsserver.js:115380:61)
    at tryGetSourcePosition (tsserver.js:115380:61)
    at tryGetSourcePosition (tsserver.js:115380:61)
    at tryGetSourcePosition (tsserver.js:115380:61)
    at tryGetSourcePosition (tsserver.js:115380:61)
    at tryGetSourcePosition (tsserver.js:115380:61)
    at tryGetSourcePosition (tsserver.js:115380:61)
    at tryGetSourcePosition (tsserver.js:115380:61)
    at tryGetSourcePosition (tsserver.js:115380:61)
    at tryGetSourcePosition (tsserver.js:115380:61)
    at tryGetSourcePosition (tsserver.js:115380:61)
    at tryGetSourcePosition (tsserver.js:115380:61)
    at tryGetSourcePosition (tsserver.js:115380:61)
    at tryGetSourcePosition (tsserver.js:115380:61)
    at tryGetSourcePosition (tsserver.js:115380:61)
    at tryGetSourcePosition (tsserver.js:115380:61): Error: <semantic> TypeScript Server Error (3.7.3)
Maximum call stack size exceeded
RangeError: Maximum call stack size exceeded
    at String.replace (<anonymous>)
    at normalizeSlashes (tsserver.js:5897:21)
    at combinePaths (tsserver.js:5958:28)
    at getPathComponents (tsserver.js:5872:16)
    at normalizePath (tsserver.js:6006:73)
    at Object.toPath (tsserver.js:6021:15)
    at toPath (tsserver.js:115355:23)
    at getSourceFile (tsserver.js:115407:24)
    at tryGetSourcePosition (tsserver.js:115376:24)
    at tryGetSourcePosition (tsserver.js:115380:61)
    at tryGetSourcePosition (tsserver.js:115380:61)
    at tryGetSourcePosition (tsserver.js:115380:61)
    at tryGetSourcePosition (tsserver.js:115380:61)
    at tryGetSourcePosition (tsserver.js:115380:61)
    at tryGetSourcePosition (tsserver.js:115380:61)
    at tryGetSourcePosition (tsserver.js:115380:61)
    at tryGetSourcePosition (tsserver.js:115380:61)
    at tryGetSourcePosition (tsserver.js:115380:61)
    at tryGetSourcePosition (tsserver.js:115380:61)
    at tryGetSourcePosition (tsserver.js:115380:61)
    at tryGetSourcePosition (tsserver.js:115380:61)
    at tryGetSourcePosition (tsserver.js:115380:61)
    at tryGetSourcePosition (tsserver.js:115380:61)
    at tryGetSourcePosition (tsserver.js:115380:61)
    at tryGetSourcePosition (tsserver.js:115380:61)
    at tryGetSourcePosition (tsserver.js:115380:61)
    at tryGetSourcePosition (tsserver.js:115380:61)
    at tryGetSourcePosition (tsserver.js:115380:61)
    at tryGetSourcePosition (tsserver.js:115380:61)
    at tryGetSourcePosition (tsserver.js:115380:61)
    at tryGetSourcePosition (tsserver.js:115380:61)
    at tryGetSourcePosition (tsserver.js:115380:61)
    at tryGetSourcePosition (tsserver.js:115380:61)
    at tryGetSourcePosition (tsserver.js:115380:61)
    at tryGetSourcePosition (tsserver.js:115380:61)
    at tryGetSourcePosition (tsserver.js:115380:61)
    at tryGetSourcePosition (tsserver.js:115380:61)
    at tryGetSourcePosition (tsserver.js:115380:61)
    at tryGetSourcePosition (tsserver.js:115380:61)
    at tryGetSourcePosition (tsserver.js:115380:61)
    at tryGetSourcePosition (tsserver.js:115380:61)
    at tryGetSourcePosition (tsserver.js:115380:61)
    at tryGetSourcePosition (tsserver.js:115380:61)
    at tryGetSourcePosition (tsserver.js:115380:61)
    at tryGetSourcePosition (tsserver.js:115380:61)
    at tryGetSourcePosition (tsserver.js:115380:61)
    at tryGetSourcePosition (tsserver.js:115380:61)
    at tryGetSourcePosition (tsserver.js:115380:61)
    at tryGetSourcePosition (tsserver.js:115380:61)
    at tryGetSourcePosition (tsserver.js:115380:61)
    at tryGetSourcePosition (tsserver.js:115380:61)
    at tryGetSourcePosition (tsserver.js:115380:61)
    at tryGetSourcePosition (tsserver.js:115380:61)
    at tryGetSourcePosition (tsserver.js:115380:61)
    at tryGetSourcePosition (tsserver.js:115380:61)
    at tryGetSourcePosition (tsserver.js:115380:61)
    at tryGetSourcePosition (tsserver.js:115380:61)
    at tryGetSourcePosition (tsserver.js:115380:61)
    at tryGetSourcePosition (tsserver.js:115380:61)
    at tryGetSourcePosition (tsserver.js:115380:61)
    at tryGetSourcePosition (tsserver.js:115380:61)
    at tryGetSourcePosition (tsserver.js:115380:61)
    at tryGetSourcePosition (tsserver.js:115380:61)
    at tryGetSourcePosition (tsserver.js:115380:61)
    at tryGetSourcePosition (tsserver.js:115380:61)
    at tryGetSourcePosition (tsserver.js:115380:61)
    at tryGetSourcePosition (tsserver.js:115380:61)
    at tryGetSourcePosition (tsserver.js:115380:61)
    at tryGetSourcePosition (tsserver.js:115380:61)
    at tryGetSourcePosition (tsserver.js:115380:61)
    at tryGetSourcePosition (tsserver.js:115380:61)
    at tryGetSourcePosition (tsserver.js:115380:61)
    at tryGetSourcePosition (tsserver.js:115380:61)
    at tryGetSourcePosition (tsserver.js:115380:61)
    at tryGetSourcePosition (tsserver.js:115380:61)
    at tryGetSourcePosition (tsserver.js:115380:61)
    at tryGetSourcePosition (tsserver.js:115380:61)
    at tryGetSourcePosition (tsserver.js:115380:61)
    at tryGetSourcePosition (tsserver.js:115380:61)
    at tryGetSourcePosition (tsserver.js:115380:61)
    at tryGetSourcePosition (tsserver.js:115380:61)
    at tryGetSourcePosition (tsserver.js:115380:61)
    at tryGetSourcePosition (tsserver.js:115380:61)
    at tryGetSourcePosition (tsserver.js:115380:61)
    at tryGetSourcePosition (tsserver.js:115380:61)
    at tryGetSourcePosition (tsserver.js:115380:61)
    at tryGetSourcePosition (tsserver.js:115380:61)
    at tryGetSourcePosition (tsserver.js:115380:61)
    at tryGetSourcePosition (tsserver.js:115380:61)
    at tryGetSourcePosition (tsserver.js:115380:61)
    at tryGetSourcePosition (tsserver.js:115380:61)
    at tryGetSourcePosition (tsserver.js:115380:61)
    at tryGetSourcePosition (tsserver.js:115380:61)
    at tryGetSourcePosition (tsserver.js:115380:61)
    at tryGetSourcePosition (tsserver.js:115380:61)
    at tryGetSourcePosition (tsserver.js:115380:61)
    at tryGetSourcePosition (tsserver.js:115380:61)
    at tryGetSourcePosition (tsserver.js:115380:61)
    at tryGetSourcePosition (tsserver.js:115380:61)
    at tryGetSourcePosition (tsserver.js:115380:61)
	at Function.create (/usr/share/code/resources/app/extensions/typescript-language-features/dist/extension.js:1:47388)
	at h.dispatchResponse (/usr/share/code/resources/app/extensions/typescript-language-features/dist/extension.js:1:206557)
	at h.dispatchMessage (/usr/share/code/resources/app/extensions/typescript-language-features/dist/extension.js:1:205455)
	at /usr/share/code/resources/app/extensions/typescript-language-features/dist/extension.js:1:204931
	at l.fire (/usr/share/code/resources/app/out/vs/workbench/services/extensions/node/extensionHostProcess.js:46:893)
	at t.Reader.onLengthData (/usr/share/code/resources/app/extensions/typescript-language-features/dist/extension.js:1:212021)
	at Socket.<anonymous> (/usr/share/code/resources/app/extensions/typescript-language-features/dist/extension.js:1:211669)
	at Socket.emit (events.js:200:13)
	at addChunk (_stream_readable.js:294:12)
	at readableAddChunk (_stream_readable.js:275:11)
	at Socket.Readable.push (_stream_readable.js:210:10)
	at Pipe.onStreamRead (internal/stream_base_commons.js:166:17)
[2020-02-10 18:20:14.565] [renderer1] [error] <semantic> TypeScript Server Error (3.7.3)
Maximum call stack size exceeded
RangeError: Maximum call stack size exceeded
    at String.replace (<anonymous>)
    at normalizeSlashes (tsserver.js:5897:21)
    at combinePaths (tsserver.js:5958:28)
    at getPathComponents (tsserver.js:5872:16)
    at normalizePath (tsserver.js:6006:73)
    at Object.toPath (tsserver.js:6021:15)
    at toPath (tsserver.js:115355:23)
    at getSourceFile (tsserver.js:115407:24)
    at tryGetSourcePosition (tsserver.js:115376:24)
    at tryGetSourcePosition (tsserver.js:115380:61)
    at tryGetSourcePosition (tsserver.js:115380:61)
    at tryGetSourcePosition (tsserver.js:115380:61)
    at tryGetSourcePosition (tsserver.js:115380:61)
    at tryGetSourcePosition (tsserver.js:115380:61)
    at tryGetSourcePosition (tsserver.js:115380:61)
    at tryGetSourcePosition (tsserver.js:115380:61)
    at tryGetSourcePosition (tsserver.js:115380:61)
    at tryGetSourcePosition (tsserver.js:115380:61)
    at tryGetSourcePosition (tsserver.js:115380:61)
    at tryGetSourcePosition (tsserver.js:115380:61)
    at tryGetSourcePosition (tsserver.js:115380:61)
    at tryGetSourcePosition (tsserver.js:115380:61)
    at tryGetSourcePosition (tsserver.js:115380:61)
    at tryGetSourcePosition (tsserver.js:115380:61)
    at tryGetSourcePosition (tsserver.js:115380:61)
    at tryGetSourcePosition (tsserver.js:115380:61)
    at tryGetSourcePosition (tsserver.js:115380:61)
    at tryGetSourcePosition (tsserver.js:115380:61)
    at tryGetSourcePosition (tsserver.js:115380:61)
    at tryGetSourcePosition (tsserver.js:115380:61)
    at tryGetSourcePosition (tsserver.js:115380:61)
    at tryGetSourcePosition (tsserver.js:115380:61)
    at tryGetSourcePosition (tsserver.js:115380:61)
    at tryGetSourcePosition (tsserver.js:115380:61)
    at tryGetSourcePosition (tsserver.js:115380:61)
    at tryGetSourcePosition (tsserver.js:115380:61)
    at tryGetSourcePosition (tsserver.js:115380:61)
    at tryGetSourcePosition (tsserver.js:115380:61)
    at tryGetSourcePosition (tsserver.js:115380:61)
    at tryGetSourcePosition (tsserver.js:115380:61)
    at tryGetSourcePosition (tsserver.js:115380:61)
    at tryGetSourcePosition (tsserver.js:115380:61)
    at tryGetSourcePosition (tsserver.js:115380:61)
    at tryGetSourcePosition (tsserver.js:115380:61)
    at tryGetSourcePosition (tsserver.js:115380:61)
    at tryGetSourcePosition (tsserver.js:115380:61)
    at tryGetSourcePosition (tsserver.js:115380:61)
    at tryGetSourcePosition (tsserver.js:115380:61)
    at tryGetSourcePosition (tsserver.js:115380:61)
    at tryGetSourcePosition (tsserver.js:115380:61)
    at tryGetSourcePosition (tsserver.js:115380:61)
    at tryGetSourcePosition (tsserver.js:115380:61)
    at tryGetSourcePosition (tsserver.js:115380:61)
    at tryGetSourcePosition (tsserver.js:115380:61)
    at tryGetSourcePosition (tsserver.js:115380:61)
    at tryGetSourcePosition (tsserver.js:115380:61)
    at tryGetSourcePosition (tsserver.js:115380:61)
    at tryGetSourcePosition (tsserver.js:115380:61)
    at tryGetSourcePosition (tsserver.js:115380:61)
    at tryGetSourcePosition (tsserver.js:115380:61)
    at tryGetSourcePosition (tsserver.js:115380:61)
    at tryGetSourcePosition (tsserver.js:115380:61)
    at tryGetSourcePosition (tsserver.js:115380:61)
    at tryGetSourcePosition (tsserver.js:115380:61)
    at tryGetSourcePosition (tsserver.js:115380:61)
    at tryGetSourcePosition (tsserver.js:115380:61)
    at tryGetSourcePosition (tsserver.js:115380:61)
    at tryGetSourcePosition (tsserver.js:115380:61)
    at tryGetSourcePosition (tsserver.js:115380:61)
    at tryGetSourcePosition (tsserver.js:115380:61)
    at tryGetSourcePosition (tsserver.js:115380:61)
    at tryGetSourcePosition (tsserver.js:115380:61)
    at tryGetSourcePosition (tsserver.js:115380:61)
    at tryGetSourcePosition (tsserver.js:115380:61)
    at tryGetSourcePosition (tsserver.js:115380:61)
    at tryGetSourcePosition (tsserver.js:115380:61)
    at tryGetSourcePosition (tsserver.js:115380:61)
    at tryGetSourcePosition (tsserver.js:115380:61)
    at tryGetSourcePosition (tsserver.js:115380:61)
    at tryGetSourcePosition (tsserver.js:115380:61)
    at tryGetSourcePosition (tsserver.js:115380:61)
    at tryGetSourcePosition (tsserver.js:115380:61)
    at tryGetSourcePosition (tsserver.js:115380:61)
    at tryGetSourcePosition (tsserver.js:115380:61)
    at tryGetSourcePosition (tsserver.js:115380:61)
    at tryGetSourcePosition (tsserver.js:115380:61)
    at tryGetSourcePosition (tsserver.js:115380:61)
    at tryGetSourcePosition (tsserver.js:115380:61)
    at tryGetSourcePosition (tsserver.js:115380:61)
    at tryGetSourcePosition (tsserver.js:115380:61)
    at tryGetSourcePosition (tsserver.js:115380:61)
    at tryGetSourcePosition (tsserver.js:115380:61)
    at tryGetSourcePosition (tsserver.js:115380:61)
    at tryGetSourcePosition (tsserver.js:115380:61)
    at tryGetSourcePosition (tsserver.js:115380:61)
    at tryGetSourcePosition (tsserver.js:115380:61)
    at tryGetSourcePosition (tsserver.js:115380:61)
    at tryGetSourcePosition (tsserver.js:115380:61)
    at tryGetSourcePosition (tsserver.js:115380:61)
    at tryGetSourcePosition (tsserver.js:115380:61): Error: <semantic> TypeScript Server Error (3.7.3)
Maximum call stack size exceeded
RangeError: Maximum call stack size exceeded
    at String.replace (<anonymous>)
    at normalizeSlashes (tsserver.js:5897:21)
    at combinePaths (tsserver.js:5958:28)
    at getPathComponents (tsserver.js:5872:16)
    at normalizePath (tsserver.js:6006:73)
    at Object.toPath (tsserver.js:6021:15)
    at toPath (tsserver.js:115355:23)
    at getSourceFile (tsserver.js:115407:24)
    at tryGetSourcePosition (tsserver.js:115376:24)
    at tryGetSourcePosition (tsserver.js:115380:61)
    at tryGetSourcePosition (tsserver.js:115380:61)
    at tryGetSourcePosition (tsserver.js:115380:61)
    at tryGetSourcePosition (tsserver.js:115380:61)
    at tryGetSourcePosition (tsserver.js:115380:61)
    at tryGetSourcePosition (tsserver.js:115380:61)
    at tryGetSourcePosition (tsserver.js:115380:61)
    at tryGetSourcePosition (tsserver.js:115380:61)
    at tryGetSourcePosition (tsserver.js:115380:61)
    at tryGetSourcePosition (tsserver.js:115380:61)
    at tryGetSourcePosition (tsserver.js:115380:61)
    at tryGetSourcePosition (tsserver.js:115380:61)
    at tryGetSourcePosition (tsserver.js:115380:61)
    at tryGetSourcePosition (tsserver.js:115380:61)
    at tryGetSourcePosition (tsserver.js:115380:61)
    at tryGetSourcePosition (tsserver.js:115380:61)
    at tryGetSourcePosition (tsserver.js:115380:61)
    at tryGetSourcePosition (tsserver.js:115380:61)
    at tryGetSourcePosition (tsserver.js:115380:61)
    at tryGetSourcePosition (tsserver.js:115380:61)
    at tryGetSourcePosition (tsserver.js:115380:61)
    at tryGetSourcePosition (tsserver.js:115380:61)
    at tryGetSourcePosition (tsserver.js:115380:61)
    at tryGetSourcePosition (tsserver.js:115380:61)
    at tryGetSourcePosition (tsserver.js:115380:61)
    at tryGetSourcePosition (tsserver.js:115380:61)
    at tryGetSourcePosition (tsserver.js:115380:61)
    at tryGetSourcePosition (tsserver.js:115380:61)
    at tryGetSourcePosition (tsserver.js:115380:61)
    at tryGetSourcePosition (tsserver.js:115380:61)
    at tryGetSourcePosition (tsserver.js:115380:61)
    at tryGetSourcePosition (tsserver.js:115380:61)
    at tryGetSourcePosition (tsserver.js:115380:61)
    at tryGetSourcePosition (tsserver.js:115380:61)
    at tryGetSourcePosition (tsserver.js:115380:61)
    at tryGetSourcePosition (tsserver.js:115380:61)
    at tryGetSourcePosition (tsserver.js:115380:61)
    at tryGetSourcePosition (tsserver.js:115380:61)
    at tryGetSourcePosition (tsserver.js:115380:61)
    at tryGetSourcePosition (tsserver.js:115380:61)
    at tryGetSourcePosition (tsserver.js:115380:61)
    at tryGetSourcePosition (tsserver.js:115380:61)
    at tryGetSourcePosition (tsserver.js:115380:61)
    at tryGetSourcePosition (tsserver.js:115380:61)
    at tryGetSourcePosition (tsserver.js:115380:61)
    at tryGetSourcePosition (tsserver.js:115380:61)
    at tryGetSourcePosition (tsserver.js:115380:61)
    at tryGetSourcePosition (tsserver.js:115380:61)
    at tryGetSourcePosition (tsserver.js:115380:61)
    at tryGetSourcePosition (tsserver.js:115380:61)
    at tryGetSourcePosition (tsserver.js:115380:61)
    at tryGetSourcePosition (tsserver.js:115380:61)
    at tryGetSourcePosition (tsserver.js:115380:61)
    at tryGetSourcePosition (tsserver.js:115380:61)
    at tryGetSourcePosition (tsserver.js:115380:61)
    at tryGetSourcePosition (tsserver.js:115380:61)
    at tryGetSourcePosition (tsserver.js:115380:61)
    at tryGetSourcePosition (tsserver.js:115380:61)
    at tryGetSourcePosition (tsserver.js:115380:61)
    at tryGetSourcePosition (tsserver.js:115380:61)
    at tryGetSourcePosition (tsserver.js:115380:61)
    at tryGetSourcePosition (tsserver.js:115380:61)
    at tryGetSourcePosition (tsserver.js:115380:61)
    at tryGetSourcePosition (tsserver.js:115380:61)
    at tryGetSourcePosition (tsserver.js:115380:61)
    at tryGetSourcePosition (tsserver.js:115380:61)
    at tryGetSourcePosition (tsserver.js:115380:61)
    at tryGetSourcePosition (tsserver.js:115380:61)
    at tryGetSourcePosition (tsserver.js:115380:61)
    at tryGetSourcePosition (tsserver.js:115380:61)
    at tryGetSourcePosition (tsserver.js:115380:61)
    at tryGetSourcePosition (tsserver.js:115380:61)
    at tryGetSourcePosition (tsserver.js:115380:61)
    at tryGetSourcePosition (tsserver.js:115380:61)
    at tryGetSourcePosition (tsserver.js:115380:61)
    at tryGetSourcePosition (tsserver.js:115380:61)
    at tryGetSourcePosition (tsserver.js:115380:61)
    at tryGetSourcePosition (tsserver.js:115380:61)
    at tryGetSourcePosition (tsserver.js:115380:61)
    at tryGetSourcePosition (tsserver.js:115380:61)
    at tryGetSourcePosition (tsserver.js:115380:61)
    at tryGetSourcePosition (tsserver.js:115380:61)
    at tryGetSourcePosition (tsserver.js:115380:61)
    at tryGetSourcePosition (tsserver.js:115380:61)
    at tryGetSourcePosition (tsserver.js:115380:61)
    at tryGetSourcePosition (tsserver.js:115380:61)
    at tryGetSourcePosition (tsserver.js:115380:61)
    at tryGetSourcePosition (tsserver.js:115380:61)
    at tryGetSourcePosition (tsserver.js:115380:61)
    at tryGetSourcePosition (tsserver.js:115380:61)
    at tryGetSourcePosition (tsserver.js:115380:61)
	at Function.create (/usr/share/code/resources/app/extensions/typescript-language-features/dist/extension.js:1:47388)
	at h.dispatchResponse (/usr/share/code/resources/app/extensions/typescript-language-features/dist/extension.js:1:206557)
	at h.dispatchMessage (/usr/share/code/resources/app/extensions/typescript-language-features/dist/extension.js:1:205455)
	at /usr/share/code/resources/app/extensions/typescript-language-features/dist/extension.js:1:204931
	at l.fire (/usr/share/code/resources/app/out/vs/workbench/services/extensions/node/extensionHostProcess.js:46:893)
	at t.Reader.onLengthData (/usr/share/code/resources/app/extensions/typescript-language-features/dist/extension.js:1:212021)
	at Socket.<anonymous> (/usr/share/code/resources/app/extensions/typescript-language-features/dist/extension.js:1:211669)
	at Socket.emit (events.js:200:13)
	at addChunk (_stream_readable.js:294:12)
	at readableAddChunk (_stream_readable.js:275:11)
	at Socket.Readable.push (_stream_readable.js:210:10)
	at Pipe.onStreamRead (internal/stream_base_commons.js:166:17)
[2020-02-10 18:20:26.383] [renderer1] [error] <semantic> TypeScript Server Error (3.7.3)
Maximum call stack size exceeded
RangeError: Maximum call stack size exceeded
    at String.replace (<anonymous>)
    at normalizeSlashes (tsserver.js:5897:21)
    at combinePaths (tsserver.js:5958:28)
    at getPathComponents (tsserver.js:5872:16)
    at normalizePath (tsserver.js:6006:73)
    at Object.toPath (tsserver.js:6021:15)
    at toPath (tsserver.js:115355:23)
    at getSourceFile (tsserver.js:115407:24)
    at tryGetSourcePosition (tsserver.js:115376:24)
    at tryGetSourcePosition (tsserver.js:115380:61)
    at tryGetSourcePosition (tsserver.js:115380:61)
    at tryGetSourcePosition (tsserver.js:115380:61)
    at tryGetSourcePosition (tsserver.js:115380:61)
    at tryGetSourcePosition (tsserver.js:115380:61)
    at tryGetSourcePosition (tsserver.js:115380:61)
    at tryGetSourcePosition (tsserver.js:115380:61)
    at tryGetSourcePosition (tsserver.js:115380:61)
    at tryGetSourcePosition (tsserver.js:115380:61)
    at tryGetSourcePosition (tsserver.js:115380:61)
    at tryGetSourcePosition (tsserver.js:115380:61)
    at tryGetSourcePosition (tsserver.js:115380:61)
    at tryGetSourcePosition (tsserver.js:115380:61)
    at tryGetSourcePosition (tsserver.js:115380:61)
    at tryGetSourcePosition (tsserver.js:115380:61)
    at tryGetSourcePosition (tsserver.js:115380:61)
    at tryGetSourcePosition (tsserver.js:115380:61)
    at tryGetSourcePosition (tsserver.js:115380:61)
    at tryGetSourcePosition (tsserver.js:115380:61)
    at tryGetSourcePosition (tsserver.js:115380:61)
    at tryGetSourcePosition (tsserver.js:115380:61)
    at tryGetSourcePosition (tsserver.js:115380:61)
    at tryGetSourcePosition (tsserver.js:115380:61)
    at tryGetSourcePosition (tsserver.js:115380:61)
    at tryGetSourcePosition (tsserver.js:115380:61)
    at tryGetSourcePosition (tsserver.js:115380:61)
    at tryGetSourcePosition (tsserver.js:115380:61)
    at tryGetSourcePosition (tsserver.js:115380:61)
    at tryGetSourcePosition (tsserver.js:115380:61)
    at tryGetSourcePosition (tsserver.js:115380:61)
    at tryGetSourcePosition (tsserver.js:115380:61)
    at tryGetSourcePosition (tsserver.js:115380:61)
    at tryGetSourcePosition (tsserver.js:115380:61)
    at tryGetSourcePosition (tsserver.js:115380:61)
    at tryGetSourcePosition (tsserver.js:115380:61)
    at tryGetSourcePosition (tsserver.js:115380:61)
    at tryGetSourcePosition (tsserver.js:115380:61)
    at tryGetSourcePosition (tsserver.js:115380:61)
    at tryGetSourcePosition (tsserver.js:115380:61)
    at tryGetSourcePosition (tsserver.js:115380:61)
    at tryGetSourcePosition (tsserver.js:115380:61)
    at tryGetSourcePosition (tsserver.js:115380:61)
    at tryGetSourcePosition (tsserver.js:115380:61)
    at tryGetSourcePosition (tsserver.js:115380:61)
    at tryGetSourcePosition (tsserver.js:115380:61)
    at tryGetSourcePosition (tsserver.js:115380:61)
    at tryGetSourcePosition (tsserver.js:115380:61)
    at tryGetSourcePosition (tsserver.js:115380:61)
    at tryGetSourcePosition (tsserver.js:115380:61)
    at tryGetSourcePosition (tsserver.js:115380:61)
    at tryGetSourcePosition (tsserver.js:115380:61)
    at tryGetSourcePosition (tsserver.js:115380:61)
    at tryGetSourcePosition (tsserver.js:115380:61)
    at tryGetSourcePosition (tsserver.js:115380:61)
    at tryGetSourcePosition (tsserver.js:115380:61)
    at tryGetSourcePosition (tsserver.js:115380:61)
    at tryGetSourcePosition (tsserver.js:115380:61)
    at tryGetSourcePosition (tsserver.js:115380:61)
    at tryGetSourcePosition (tsserver.js:115380:61)
    at tryGetSourcePosition (tsserver.js:115380:61)
    at tryGetSourcePosition (tsserver.js:115380:61)
    at tryGetSourcePosition (tsserver.js:115380:61)
    at tryGetSourcePosition (tsserver.js:115380:61)
    at tryGetSourcePosition (tsserver.js:115380:61)
    at tryGetSourcePosition (tsserver.js:115380:61)
    at tryGetSourcePosition (tsserver.js:115380:61)
    at tryGetSourcePosition (tsserver.js:115380:61)
    at tryGetSourcePosition (tsserver.js:115380:61)
    at tryGetSourcePosition (tsserver.js:115380:61)
    at tryGetSourcePosition (tsserver.js:115380:61)
    at tryGetSourcePosition (tsserver.js:115380:61)
    at tryGetSourcePosition (tsserver.js:115380:61)
    at tryGetSourcePosition (tsserver.js:115380:61)
    at tryGetSourcePosition (tsserver.js:115380:61)
    at tryGetSourcePosition (tsserver.js:115380:61)
    at tryGetSourcePosition (tsserver.js:115380:61)
    at tryGetSourcePosition (tsserver.js:115380:61)
    at tryGetSourcePosition (tsserver.js:115380:61)
    at tryGetSourcePosition (tsserver.js:115380:61)
    at tryGetSourcePosition (tsserver.js:115380:61)
    at tryGetSourcePosition (tsserver.js:115380:61)
    at tryGetSourcePosition (tsserver.js:115380:61)
    at tryGetSourcePosition (tsserver.js:115380:61)
    at tryGetSourcePosition (tsserver.js:115380:61)
    at tryGetSourcePosition (tsserver.js:115380:61)
    at tryGetSourcePosition (tsserver.js:115380:61)
    at tryGetSourcePosition (tsserver.js:115380:61)
    at tryGetSourcePosition (tsserver.js:115380:61)
    at tryGetSourcePosition (tsserver.js:115380:61)
    at tryGetSourcePosition (tsserver.js:115380:61)
    at tryGetSourcePosition (tsserver.js:115380:61): Error: <semantic> TypeScript Server Error (3.7.3)
Maximum call stack size exceeded
RangeError: Maximum call stack size exceeded
    at String.replace (<anonymous>)
    at normalizeSlashes (tsserver.js:5897:21)
    at combinePaths (tsserver.js:5958:28)
    at getPathComponents (tsserver.js:5872:16)
    at normalizePath (tsserver.js:6006:73)
    at Object.toPath (tsserver.js:6021:15)
    at toPath (tsserver.js:115355:23)
    at getSourceFile (tsserver.js:115407:24)
    at tryGetSourcePosition (tsserver.js:115376:24)
    at tryGetSourcePosition (tsserver.js:115380:61)
    at tryGetSourcePosition (tsserver.js:115380:61)
    at tryGetSourcePosition (tsserver.js:115380:61)
    at tryGetSourcePosition (tsserver.js:115380:61)
    at tryGetSourcePosition (tsserver.js:115380:61)
    at tryGetSourcePosition (tsserver.js:115380:61)
    at tryGetSourcePosition (tsserver.js:115380:61)
    at tryGetSourcePosition (tsserver.js:115380:61)
    at tryGetSourcePosition (tsserver.js:115380:61)
    at tryGetSourcePosition (tsserver.js:115380:61)
    at tryGetSourcePosition (tsserver.js:115380:61)
    at tryGetSourcePosition (tsserver.js:115380:61)
    at tryGetSourcePosition (tsserver.js:115380:61)
    at tryGetSourcePosition (tsserver.js:115380:61)
    at tryGetSourcePosition (tsserver.js:115380:61)
    at tryGetSourcePosition (tsserver.js:115380:61)
    at tryGetSourcePosition (tsserver.js:115380:61)
    at tryGetSourcePosition (tsserver.js:115380:61)
    at tryGetSourcePosition (tsserver.js:115380:61)
    at tryGetSourcePosition (tsserver.js:115380:61)
    at tryGetSourcePosition (tsserver.js:115380:61)
    at tryGetSourcePosition (tsserver.js:115380:61)
    at tryGetSourcePosition (tsserver.js:115380:61)
    at tryGetSourcePosition (tsserver.js:115380:61)
    at tryGetSourcePosition (tsserver.js:115380:61)
    at tryGetSourcePosition (tsserver.js:115380:61)
    at tryGetSourcePosition (tsserver.js:115380:61)
    at tryGetSourcePosition (tsserver.js:115380:61)
    at tryGetSourcePosition (tsserver.js:115380:61)
    at tryGetSourcePosition (tsserver.js:115380:61)
    at tryGetSourcePosition (tsserver.js:115380:61)
    at tryGetSourcePosition (tsserver.js:115380:61)
    at tryGetSourcePosition (tsserver.js:115380:61)
    at tryGetSourcePosition (tsserver.js:115380:61)
    at tryGetSourcePosition (tsserver.js:115380:61)
    at tryGetSourcePosition (tsserver.js:115380:61)
    at tryGetSourcePosition (tsserver.js:115380:61)
    at tryGetSourcePosition (tsserver.js:115380:61)
    at tryGetSourcePosition (tsserver.js:115380:61)
    at tryGetSourcePosition (tsserver.js:115380:61)
    at tryGetSourcePosition (tsserver.js:115380:61)
    at tryGetSourcePosition (tsserver.js:115380:61)
    at tryGetSourcePosition (tsserver.js:115380:61)
    at tryGetSourcePosition (tsserver.js:115380:61)
    at tryGetSourcePosition (tsserver.js:115380:61)
    at tryGetSourcePosition (tsserver.js:115380:61)
    at tryGetSourcePosition (tsserver.js:115380:61)
    at tryGetSourcePosition (tsserver.js:115380:61)
    at tryGetSourcePosition (tsserver.js:115380:61)
    at tryGetSourcePosition (tsserver.js:115380:61)
    at tryGetSourcePosition (tsserver.js:115380:61)
    at tryGetSourcePosition (tsserver.js:115380:61)
    at tryGetSourcePosition (tsserver.js:115380:61)
    at tryGetSourcePosition (tsserver.js:115380:61)
    at tryGetSourcePosition (tsserver.js:115380:61)
    at tryGetSourcePosition (tsserver.js:115380:61)
    at tryGetSourcePosition (tsserver.js:115380:61)
    at tryGetSourcePosition (tsserver.js:115380:61)
    at tryGetSourcePosition (tsserver.js:115380:61)
    at tryGetSourcePosition (tsserver.js:115380:61)
    at tryGetSourcePosition (tsserver.js:115380:61)
    at tryGetSourcePosition (tsserver.js:115380:61)
    at tryGetSourcePosition (tsserver.js:115380:61)
    at tryGetSourcePosition (tsserver.js:115380:61)
    at tryGetSourcePosition (tsserver.js:115380:61)
    at tryGetSourcePosition (tsserver.js:115380:61)
    at tryGetSourcePosition (tsserver.js:115380:61)
    at tryGetSourcePosition (tsserver.js:115380:61)
    at tryGetSourcePosition (tsserver.js:115380:61)
    at tryGetSourcePosition (tsserver.js:115380:61)
    at tryGetSourcePosition (tsserver.js:115380:61)
    at tryGetSourcePosition (tsserver.js:115380:61)
    at tryGetSourcePosition (tsserver.js:115380:61)
    at tryGetSourcePosition (tsserver.js:115380:61)
    at tryGetSourcePosition (tsserver.js:115380:61)
    at tryGetSourcePosition (tsserver.js:115380:61)
    at tryGetSourcePosition (tsserver.js:115380:61)
    at tryGetSourcePosition (tsserver.js:115380:61)
    at tryGetSourcePosition (tsserver.js:115380:61)
    at tryGetSourcePosition (tsserver.js:115380:61)
    at tryGetSourcePosition (tsserver.js:115380:61)
    at tryGetSourcePosition (tsserver.js:115380:61)
    at tryGetSourcePosition (tsserver.js:115380:61)
    at tryGetSourcePosition (tsserver.js:115380:61)
    at tryGetSourcePosition (tsserver.js:115380:61)
    at tryGetSourcePosition (tsserver.js:115380:61)
    at tryGetSourcePosition (tsserver.js:115380:61)
    at tryGetSourcePosition (tsserver.js:115380:61)
    at tryGetSourcePosition (tsserver.js:115380:61)
    at tryGetSourcePosition (tsserver.js:115380:61)
    at tryGetSourcePosition (tsserver.js:115380:61)
	at Function.create (/usr/share/code/resources/app/extensions/typescript-language-features/dist/extension.js:1:47388)
	at h.dispatchResponse (/usr/share/code/resources/app/extensions/typescript-language-features/dist/extension.js:1:206557)
	at h.dispatchMessage (/usr/share/code/resources/app/extensions/typescript-language-features/dist/extension.js:1:205455)
	at /usr/share/code/resources/app/extensions/typescript-language-features/dist/extension.js:1:204931
	at l.fire (/usr/share/code/resources/app/out/vs/workbench/services/extensions/node/extensionHostProcess.js:46:893)
	at t.Reader.onLengthData (/usr/share/code/resources/app/extensions/typescript-language-features/dist/extension.js:1:212021)
	at Socket.<anonymous> (/usr/share/code/resources/app/extensions/typescript-language-features/dist/extension.js:1:211669)
	at Socket.emit (events.js:200:13)
	at addChunk (_stream_readable.js:294:12)
	at readableAddChunk (_stream_readable.js:275:11)
	at Socket.Readable.push (_stream_readable.js:210:10)
	at Pipe.onStreamRead (internal/stream_base_commons.js:166:17)
[2020-02-10 18:20:29.134] [renderer1] [error] <semantic> TypeScript Server Error (3.7.3)
Maximum call stack size exceeded
RangeError: Maximum call stack size exceeded
    at String.replace (<anonymous>)
    at normalizeSlashes (tsserver.js:5897:21)
    at combinePaths (tsserver.js:5958:28)
    at getPathComponents (tsserver.js:5872:16)
    at normalizePath (tsserver.js:6006:73)
    at Object.toPath (tsserver.js:6021:15)
    at toPath (tsserver.js:115355:23)
    at getSourceFile (tsserver.js:115407:24)
    at tryGetSourcePosition (tsserver.js:115376:24)
    at tryGetSourcePosition (tsserver.js:115380:61)
    at tryGetSourcePosition (tsserver.js:115380:61)
    at tryGetSourcePosition (tsserver.js:115380:61)
    at tryGetSourcePosition (tsserver.js:115380:61)
    at tryGetSourcePosition (tsserver.js:115380:61)
    at tryGetSourcePosition (tsserver.js:115380:61)
    at tryGetSourcePosition (tsserver.js:115380:61)
    at tryGetSourcePosition (tsserver.js:115380:61)
    at tryGetSourcePosition (tsserver.js:115380:61)
    at tryGetSourcePosition (tsserver.js:115380:61)
    at tryGetSourcePosition (tsserver.js:115380:61)
    at tryGetSourcePosition (tsserver.js:115380:61)
    at tryGetSourcePosition (tsserver.js:115380:61)
    at tryGetSourcePosition (tsserver.js:115380:61)
    at tryGetSourcePosition (tsserver.js:115380:61)
    at tryGetSourcePosition (tsserver.js:115380:61)
    at tryGetSourcePosition (tsserver.js:115380:61)
    at tryGetSourcePosition (tsserver.js:115380:61)
    at tryGetSourcePosition (tsserver.js:115380:61)
    at tryGetSourcePosition (tsserver.js:115380:61)
    at tryGetSourcePosition (tsserver.js:115380:61)
    at tryGetSourcePosition (tsserver.js:115380:61)
    at tryGetSourcePosition (tsserver.js:115380:61)
    at tryGetSourcePosition (tsserver.js:115380:61)
    at tryGetSourcePosition (tsserver.js:115380:61)
    at tryGetSourcePosition (tsserver.js:115380:61)
    at tryGetSourcePosition (tsserver.js:115380:61)
    at tryGetSourcePosition (tsserver.js:115380:61)
    at tryGetSourcePosition (tsserver.js:115380:61)
    at tryGetSourcePosition (tsserver.js:115380:61)
    at tryGetSourcePosition (tsserver.js:115380:61)
    at tryGetSourcePosition (tsserver.js:115380:61)
    at tryGetSourcePosition (tsserver.js:115380:61)
    at tryGetSourcePosition (tsserver.js:115380:61)
    at tryGetSourcePosition (tsserver.js:115380:61)
    at tryGetSourcePosition (tsserver.js:115380:61)
    at tryGetSourcePosition (tsserver.js:115380:61)
    at tryGetSourcePosition (tsserver.js:115380:61)
    at tryGetSourcePosition (tsserver.js:115380:61)
    at tryGetSourcePosition (tsserver.js:115380:61)
    at tryGetSourcePosition (tsserver.js:115380:61)
    at tryGetSourcePosition (tsserver.js:115380:61)
    at tryGetSourcePosition (tsserver.js:115380:61)
    at tryGetSourcePosition (tsserver.js:115380:61)
    at tryGetSourcePosition (tsserver.js:115380:61)
    at tryGetSourcePosition (tsserver.js:115380:61)
    at tryGetSourcePosition (tsserver.js:115380:61)
    at tryGetSourcePosition (tsserver.js:115380:61)
    at tryGetSourcePosition (tsserver.js:115380:61)
    at tryGetSourcePosition (tsserver.js:115380:61)
    at tryGetSourcePosition (tsserver.js:115380:61)
    at tryGetSourcePosition (tsserver.js:115380:61)
    at tryGetSourcePosition (tsserver.js:115380:61)
    at tryGetSourcePosition (tsserver.js:115380:61)
    at tryGetSourcePosition (tsserver.js:115380:61)
    at tryGetSourcePosition (tsserver.js:115380:61)
    at tryGetSourcePosition (tsserver.js:115380:61)
    at tryGetSourcePosition (tsserver.js:115380:61)
    at tryGetSourcePosition (tsserver.js:115380:61)
    at tryGetSourcePosition (tsserver.js:115380:61)
    at tryGetSourcePosition (tsserver.js:115380:61)
    at tryGetSourcePosition (tsserver.js:115380:61)
    at tryGetSourcePosition (tsserver.js:115380:61)
    at tryGetSourcePosition (tsserver.js:115380:61)
    at tryGetSourcePosition (tsserver.js:115380:61)
    at tryGetSourcePosition (tsserver.js:115380:61)
    at tryGetSourcePosition (tsserver.js:115380:61)
    at tryGetSourcePosition (tsserver.js:115380:61)
    at tryGetSourcePosition (tsserver.js:115380:61)
    at tryGetSourcePosition (tsserver.js:115380:61)
    at tryGetSourcePosition (tsserver.js:115380:61)
    at tryGetSourcePosition (tsserver.js:115380:61)
    at tryGetSourcePosition (tsserver.js:115380:61)
    at tryGetSourcePosition (tsserver.js:115380:61)
    at tryGetSourcePosition (tsserver.js:115380:61)
    at tryGetSourcePosition (tsserver.js:115380:61)
    at tryGetSourcePosition (tsserver.js:115380:61)
    at tryGetSourcePosition (tsserver.js:115380:61)
    at tryGetSourcePosition (tsserver.js:115380:61)
    at tryGetSourcePosition (tsserver.js:115380:61)
    at tryGetSourcePosition (tsserver.js:115380:61)
    at tryGetSourcePosition (tsserver.js:115380:61)
    at tryGetSourcePosition (tsserver.js:115380:61)
    at tryGetSourcePosition (tsserver.js:115380:61)
    at tryGetSourcePosition (tsserver.js:115380:61)
    at tryGetSourcePosition (tsserver.js:115380:61)
    at tryGetSourcePosition (tsserver.js:115380:61)
    at tryGetSourcePosition (tsserver.js:115380:61)
    at tryGetSourcePosition (tsserver.js:115380:61)
    at tryGetSourcePosition (tsserver.js:115380:61)
    at tryGetSourcePosition (tsserver.js:115380:61): Error: <semantic> TypeScript Server Error (3.7.3)
Maximum call stack size exceeded
RangeError: Maximum call stack size exceeded
    at String.replace (<anonymous>)
    at normalizeSlashes (tsserver.js:5897:21)
    at combinePaths (tsserver.js:5958:28)
    at getPathComponents (tsserver.js:5872:16)
    at normalizePath (tsserver.js:6006:73)
    at Object.toPath (tsserver.js:6021:15)
    at toPath (tsserver.js:115355:23)
    at getSourceFile (tsserver.js:115407:24)
    at tryGetSourcePosition (tsserver.js:115376:24)
    at tryGetSourcePosition (tsserver.js:115380:61)
    at tryGetSourcePosition (tsserver.js:115380:61)
    at tryGetSourcePosition (tsserver.js:115380:61)
    at tryGetSourcePosition (tsserver.js:115380:61)
    at tryGetSourcePosition (tsserver.js:115380:61)
    at tryGetSourcePosition (tsserver.js:115380:61)
    at tryGetSourcePosition (tsserver.js:115380:61)
    at tryGetSourcePosition (tsserver.js:115380:61)
    at tryGetSourcePosition (tsserver.js:115380:61)
    at tryGetSourcePosition (tsserver.js:115380:61)
    at tryGetSourcePosition (tsserver.js:115380:61)
    at tryGetSourcePosition (tsserver.js:115380:61)
    at tryGetSourcePosition (tsserver.js:115380:61)
    at tryGetSourcePosition (tsserver.js:115380:61)
    at tryGetSourcePosition (tsserver.js:115380:61)
    at tryGetSourcePosition (tsserver.js:115380:61)
    at tryGetSourcePosition (tsserver.js:115380:61)
    at tryGetSourcePosition (tsserver.js:115380:61)
    at tryGetSourcePosition (tsserver.js:115380:61)
    at tryGetSourcePosition (tsserver.js:115380:61)
    at tryGetSourcePosition (tsserver.js:115380:61)
    at tryGetSourcePosition (tsserver.js:115380:61)
    at tryGetSourcePosition (tsserver.js:115380:61)
    at tryGetSourcePosition (tsserver.js:115380:61)
    at tryGetSourcePosition (tsserver.js:115380:61)
    at tryGetSourcePosition (tsserver.js:115380:61)
    at tryGetSourcePosition (tsserver.js:115380:61)
    at tryGetSourcePosition (tsserver.js:115380:61)
    at tryGetSourcePosition (tsserver.js:115380:61)
    at tryGetSourcePosition (tsserver.js:115380:61)
    at tryGetSourcePosition (tsserver.js:115380:61)
    at tryGetSourcePosition (tsserver.js:115380:61)
    at tryGetSourcePosition (tsserver.js:115380:61)
    at tryGetSourcePosition (tsserver.js:115380:61)
    at tryGetSourcePosition (tsserver.js:115380:61)
    at tryGetSourcePosition (tsserver.js:115380:61)
    at tryGetSourcePosition (tsserver.js:115380:61)
    at tryGetSourcePosition (tsserver.js:115380:61)
    at tryGetSourcePosition (tsserver.js:115380:61)
    at tryGetSourcePosition (tsserver.js:115380:61)
    at tryGetSourcePosition (tsserver.js:115380:61)
    at tryGetSourcePosition (tsserver.js:115380:61)
    at tryGetSourcePosition (tsserver.js:115380:61)
    at tryGetSourcePosition (tsserver.js:115380:61)
    at tryGetSourcePosition (tsserver.js:115380:61)
    at tryGetSourcePosition (tsserver.js:115380:61)
    at tryGetSourcePosition (tsserver.js:115380:61)
    at tryGetSourcePosition (tsserver.js:115380:61)
    at tryGetSourcePosition (tsserver.js:115380:61)
    at tryGetSourcePosition (tsserver.js:115380:61)
    at tryGetSourcePosition (tsserver.js:115380:61)
    at tryGetSourcePosition (tsserver.js:115380:61)
    at tryGetSourcePosition (tsserver.js:115380:61)
    at tryGetSourcePosition (tsserver.js:115380:61)
    at tryGetSourcePosition (tsserver.js:115380:61)
    at tryGetSourcePosition (tsserver.js:115380:61)
    at tryGetSourcePosition (tsserver.js:115380:61)
    at tryGetSourcePosition (tsserver.js:115380:61)
    at tryGetSourcePosition (tsserver.js:115380:61)
    at tryGetSourcePosition (tsserver.js:115380:61)
    at tryGetSourcePosition (tsserver.js:115380:61)
    at tryGetSourcePosition (tsserver.js:115380:61)
    at tryGetSourcePosition (tsserver.js:115380:61)
    at tryGetSourcePosition (tsserver.js:115380:61)
    at tryGetSourcePosition (tsserver.js:115380:61)
    at tryGetSourcePosition (tsserver.js:115380:61)
    at tryGetSourcePosition (tsserver.js:115380:61)
    at tryGetSourcePosition (tsserver.js:115380:61)
    at tryGetSourcePosition (tsserver.js:115380:61)
    at tryGetSourcePosition (tsserver.js:115380:61)
    at tryGetSourcePosition (tsserver.js:115380:61)
    at tryGetSourcePosition (tsserver.js:115380:61)
    at tryGetSourcePosition (tsserver.js:115380:61)
    at tryGetSourcePosition (tsserver.js:115380:61)
    at tryGetSourcePosition (tsserver.js:115380:61)
    at tryGetSourcePosition (tsserver.js:115380:61)
    at tryGetSourcePosition (tsserver.js:115380:61)
    at tryGetSourcePosition (tsserver.js:115380:61)
    at tryGetSourcePosition (tsserver.js:115380:61)
    at tryGetSourcePosition (tsserver.js:115380:61)
    at tryGetSourcePosition (tsserver.js:115380:61)
    at tryGetSourcePosition (tsserver.js:115380:61)
    at tryGetSourcePosition (tsserver.js:115380:61)
    at tryGetSourcePosition (tsserver.js:115380:61)
    at tryGetSourcePosition (tsserver.js:115380:61)
    at tryGetSourcePosition (tsserver.js:115380:61)
    at tryGetSourcePosition (tsserver.js:115380:61)
    at tryGetSourcePosition (tsserver.js:115380:61)
    at tryGetSourcePosition (tsserver.js:115380:61)
    at tryGetSourcePosition (tsserver.js:115380:61)
    at tryGetSourcePosition (tsserver.js:115380:61)
	at Function.create (/usr/share/code/resources/app/extensions/typescript-language-features/dist/extension.js:1:47388)
	at h.dispatchResponse (/usr/share/code/resources/app/extensions/typescript-language-features/dist/extension.js:1:206557)
	at h.dispatchMessage (/usr/share/code/resources/app/extensions/typescript-language-features/dist/extension.js:1:205455)
	at /usr/share/code/resources/app/extensions/typescript-language-features/dist/extension.js:1:204931
	at l.fire (/usr/share/code/resources/app/out/vs/workbench/services/extensions/node/extensionHostProcess.js:46:893)
	at t.Reader.onLengthData (/usr/share/code/resources/app/extensions/typescript-language-features/dist/extension.js:1:212021)
	at Socket.<anonymous> (/usr/share/code/resources/app/extensions/typescript-language-features/dist/extension.js:1:211669)
	at Socket.emit (events.js:200:13)
	at addChunk (_stream_readable.js:294:12)
	at readableAddChunk (_stream_readable.js:275:11)
	at Socket.Readable.push (_stream_readable.js:210:10)
	at Pipe.onStreamRead (internal/stream_base_commons.js:166:17)
[2020-02-10 18:21:11.631] [renderer1] [error] <semantic> TypeScript Server Error (3.7.3)
Maximum call stack size exceeded
RangeError: Maximum call stack size exceeded
    at String.replace (<anonymous>)
    at normalizeSlashes (tsserver.js:5897:21)
    at combinePaths (tsserver.js:5958:28)
    at getPathComponents (tsserver.js:5872:16)
    at normalizePath (tsserver.js:6006:73)
    at Object.toPath (tsserver.js:6021:15)
    at toPath (tsserver.js:115355:23)
    at getSourceFile (tsserver.js:115407:24)
    at tryGetSourcePosition (tsserver.js:115376:24)
    at tryGetSourcePosition (tsserver.js:115380:61)
    at tryGetSourcePosition (tsserver.js:115380:61)
    at tryGetSourcePosition (tsserver.js:115380:61)
    at tryGetSourcePosition (tsserver.js:115380:61)
    at tryGetSourcePosition (tsserver.js:115380:61)
    at tryGetSourcePosition (tsserver.js:115380:61)
    at tryGetSourcePosition (tsserver.js:115380:61)
    at tryGetSourcePosition (tsserver.js:115380:61)
    at tryGetSourcePosition (tsserver.js:115380:61)
    at tryGetSourcePosition (tsserver.js:115380:61)
    at tryGetSourcePosition (tsserver.js:115380:61)
    at tryGetSourcePosition (tsserver.js:115380:61)
    at tryGetSourcePosition (tsserver.js:115380:61)
    at tryGetSourcePosition (tsserver.js:115380:61)
    at tryGetSourcePosition (tsserver.js:115380:61)
    at tryGetSourcePosition (tsserver.js:115380:61)
    at tryGetSourcePosition (tsserver.js:115380:61)
    at tryGetSourcePosition (tsserver.js:115380:61)
    at tryGetSourcePosition (tsserver.js:115380:61)
    at tryGetSourcePosition (tsserver.js:115380:61)
    at tryGetSourcePosition (tsserver.js:115380:61)
    at tryGetSourcePosition (tsserver.js:115380:61)
    at tryGetSourcePosition (tsserver.js:115380:61)
    at tryGetSourcePosition (tsserver.js:115380:61)
    at tryGetSourcePosition (tsserver.js:115380:61)
    at tryGetSourcePosition (tsserver.js:115380:61)
    at tryGetSourcePosition (tsserver.js:115380:61)
    at tryGetSourcePosition (tsserver.js:115380:61)
    at tryGetSourcePosition (tsserver.js:115380:61)
    at tryGetSourcePosition (tsserver.js:115380:61)
    at tryGetSourcePosition (tsserver.js:115380:61)
    at tryGetSourcePosition (tsserver.js:115380:61)
    at tryGetSourcePosition (tsserver.js:115380:61)
    at tryGetSourcePosition (tsserver.js:115380:61)
    at tryGetSourcePosition (tsserver.js:115380:61)
    at tryGetSourcePosition (tsserver.js:115380:61)
    at tryGetSourcePosition (tsserver.js:115380:61)
    at tryGetSourcePosition (tsserver.js:115380:61)
    at tryGetSourcePosition (tsserver.js:115380:61)
    at tryGetSourcePosition (tsserver.js:115380:61)
    at tryGetSourcePosition (tsserver.js:115380:61)
    at tryGetSourcePosition (tsserver.js:115380:61)
    at tryGetSourcePosition (tsserver.js:115380:61)
    at tryGetSourcePosition (tsserver.js:115380:61)
    at tryGetSourcePosition (tsserver.js:115380:61)
    at tryGetSourcePosition (tsserver.js:115380:61)
    at tryGetSourcePosition (tsserver.js:115380:61)
    at tryGetSourcePosition (tsserver.js:115380:61)
    at tryGetSourcePosition (tsserver.js:115380:61)
    at tryGetSourcePosition (tsserver.js:115380:61)
    at tryGetSourcePosition (tsserver.js:115380:61)
    at tryGetSourcePosition (tsserver.js:115380:61)
    at tryGetSourcePosition (tsserver.js:115380:61)
    at tryGetSourcePosition (tsserver.js:115380:61)
    at tryGetSourcePosition (tsserver.js:115380:61)
    at tryGetSourcePosition (tsserver.js:115380:61)
    at tryGetSourcePosition (tsserver.js:115380:61)
    at tryGetSourcePosition (tsserver.js:115380:61)
    at tryGetSourcePosition (tsserver.js:115380:61)
    at tryGetSourcePosition (tsserver.js:115380:61)
    at tryGetSourcePosition (tsserver.js:115380:61)
    at tryGetSourcePosition (tsserver.js:115380:61)
    at tryGetSourcePosition (tsserver.js:115380:61)
    at tryGetSourcePosition (tsserver.js:115380:61)
    at tryGetSourcePosition (tsserver.js:115380:61)
    at tryGetSourcePosition (tsserver.js:115380:61)
    at tryGetSourcePosition (tsserver.js:115380:61)
    at tryGetSourcePosition (tsserver.js:115380:61)
    at tryGetSourcePosition (tsserver.js:115380:61)
    at tryGetSourcePosition (tsserver.js:115380:61)
    at tryGetSourcePosition (tsserver.js:115380:61)
    at tryGetSourcePosition (tsserver.js:115380:61)
    at tryGetSourcePosition (tsserver.js:115380:61)
    at tryGetSourcePosition (tsserver.js:115380:61)
    at tryGetSourcePosition (tsserver.js:115380:61)
    at tryGetSourcePosition (tsserver.js:115380:61)
    at tryGetSourcePosition (tsserver.js:115380:61)
    at tryGetSourcePosition (tsserver.js:115380:61)
    at tryGetSourcePosition (tsserver.js:115380:61)
    at tryGetSourcePosition (tsserver.js:115380:61)
    at tryGetSourcePosition (tsserver.js:115380:61)
    at tryGetSourcePosition (tsserver.js:115380:61)
    at tryGetSourcePosition (tsserver.js:115380:61)
    at tryGetSourcePosition (tsserver.js:115380:61)
    at tryGetSourcePosition (tsserver.js:115380:61)
    at tryGetSourcePosition (tsserver.js:115380:61)
    at tryGetSourcePosition (tsserver.js:115380:61)
    at tryGetSourcePosition (tsserver.js:115380:61)
    at tryGetSourcePosition (tsserver.js:115380:61)
    at tryGetSourcePosition (tsserver.js:115380:61)
    at tryGetSourcePosition (tsserver.js:115380:61): Error: <semantic> TypeScript Server Error (3.7.3)
Maximum call stack size exceeded
RangeError: Maximum call stack size exceeded
    at String.replace (<anonymous>)
    at normalizeSlashes (tsserver.js:5897:21)
    at combinePaths (tsserver.js:5958:28)
    at getPathComponents (tsserver.js:5872:16)
    at normalizePath (tsserver.js:6006:73)
    at Object.toPath (tsserver.js:6021:15)
    at toPath (tsserver.js:115355:23)
    at getSourceFile (tsserver.js:115407:24)
    at tryGetSourcePosition (tsserver.js:115376:24)
    at tryGetSourcePosition (tsserver.js:115380:61)
    at tryGetSourcePosition (tsserver.js:115380:61)
    at tryGetSourcePosition (tsserver.js:115380:61)
    at tryGetSourcePosition (tsserver.js:115380:61)
    at tryGetSourcePosition (tsserver.js:115380:61)
    at tryGetSourcePosition (tsserver.js:115380:61)
    at tryGetSourcePosition (tsserver.js:115380:61)
    at tryGetSourcePosition (tsserver.js:115380:61)
    at tryGetSourcePosition (tsserver.js:115380:61)
    at tryGetSourcePosition (tsserver.js:115380:61)
    at tryGetSourcePosition (tsserver.js:115380:61)
    at tryGetSourcePosition (tsserver.js:115380:61)
    at tryGetSourcePosition (tsserver.js:115380:61)
    at tryGetSourcePosition (tsserver.js:115380:61)
    at tryGetSourcePosition (tsserver.js:115380:61)
    at tryGetSourcePosition (tsserver.js:115380:61)
    at tryGetSourcePosition (tsserver.js:115380:61)
    at tryGetSourcePosition (tsserver.js:115380:61)
    at tryGetSourcePosition (tsserver.js:115380:61)
    at tryGetSourcePosition (tsserver.js:115380:61)
    at tryGetSourcePosition (tsserver.js:115380:61)
    at tryGetSourcePosition (tsserver.js:115380:61)
    at tryGetSourcePosition (tsserver.js:115380:61)
    at tryGetSourcePosition (tsserver.js:115380:61)
    at tryGetSourcePosition (tsserver.js:115380:61)
    at tryGetSourcePosition (tsserver.js:115380:61)
    at tryGetSourcePosition (tsserver.js:115380:61)
    at tryGetSourcePosition (tsserver.js:115380:61)
    at tryGetSourcePosition (tsserver.js:115380:61)
    at tryGetSourcePosition (tsserver.js:115380:61)
    at tryGetSourcePosition (tsserver.js:115380:61)
    at tryGetSourcePosition (tsserver.js:115380:61)
    at tryGetSourcePosition (tsserver.js:115380:61)
    at tryGetSourcePosition (tsserver.js:115380:61)
    at tryGetSourcePosition (tsserver.js:115380:61)
    at tryGetSourcePosition (tsserver.js:115380:61)
    at tryGetSourcePosition (tsserver.js:115380:61)
    at tryGetSourcePosition (tsserver.js:115380:61)
    at tryGetSourcePosition (tsserver.js:115380:61)
    at tryGetSourcePosition (tsserver.js:115380:61)
    at tryGetSourcePosition (tsserver.js:115380:61)
    at tryGetSourcePosition (tsserver.js:115380:61)
    at tryGetSourcePosition (tsserver.js:115380:61)
    at tryGetSourcePosition (tsserver.js:115380:61)
    at tryGetSourcePosition (tsserver.js:115380:61)
    at tryGetSourcePosition (tsserver.js:115380:61)
    at tryGetSourcePosition (tsserver.js:115380:61)
    at tryGetSourcePosition (tsserver.js:115380:61)
    at tryGetSourcePosition (tsserver.js:115380:61)
    at tryGetSourcePosition (tsserver.js:115380:61)
    at tryGetSourcePosition (tsserver.js:115380:61)
    at tryGetSourcePosition (tsserver.js:115380:61)
    at tryGetSourcePosition (tsserver.js:115380:61)
    at tryGetSourcePosition (tsserver.js:115380:61)
    at tryGetSourcePosition (tsserver.js:115380:61)
    at tryGetSourcePosition (tsserver.js:115380:61)
    at tryGetSourcePosition (tsserver.js:115380:61)
    at tryGetSourcePosition (tsserver.js:115380:61)
    at tryGetSourcePosition (tsserver.js:115380:61)
    at tryGetSourcePosition (tsserver.js:115380:61)
    at tryGetSourcePosition (tsserver.js:115380:61)
    at tryGetSourcePosition (tsserver.js:115380:61)
    at tryGetSourcePosition (tsserver.js:115380:61)
    at tryGetSourcePosition (tsserver.js:115380:61)
    at tryGetSourcePosition (tsserver.js:115380:61)
    at tryGetSourcePosition (tsserver.js:115380:61)
    at tryGetSourcePosition (tsserver.js:115380:61)
    at tryGetSourcePosition (tsserver.js:115380:61)
    at tryGetSourcePosition (tsserver.js:115380:61)
    at tryGetSourcePosition (tsserver.js:115380:61)
    at tryGetSourcePosition (tsserver.js:115380:61)
    at tryGetSourcePosition (tsserver.js:115380:61)
    at tryGetSourcePosition (tsserver.js:115380:61)
    at tryGetSourcePosition (tsserver.js:115380:61)
    at tryGetSourcePosition (tsserver.js:115380:61)
    at tryGetSourcePosition (tsserver.js:115380:61)
    at tryGetSourcePosition (tsserver.js:115380:61)
    at tryGetSourcePosition (tsserver.js:115380:61)
    at tryGetSourcePosition (tsserver.js:115380:61)
    at tryGetSourcePosition (tsserver.js:115380:61)
    at tryGetSourcePosition (tsserver.js:115380:61)
    at tryGetSourcePosition (tsserver.js:115380:61)
    at tryGetSourcePosition (tsserver.js:115380:61)
    at tryGetSourcePosition (tsserver.js:115380:61)
    at tryGetSourcePosition (tsserver.js:115380:61)
    at tryGetSourcePosition (tsserver.js:115380:61)
    at tryGetSourcePosition (tsserver.js:115380:61)
    at tryGetSourcePosition (tsserver.js:115380:61)
    at tryGetSourcePosition (tsserver.js:115380:61)
    at tryGetSourcePosition (tsserver.js:115380:61)
    at tryGetSourcePosition (tsserver.js:115380:61)
	at Function.create (/usr/share/code/resources/app/extensions/typescript-language-features/dist/extension.js:1:47388)
	at h.dispatchResponse (/usr/share/code/resources/app/extensions/typescript-language-features/dist/extension.js:1:206557)
	at h.dispatchMessage (/usr/share/code/resources/app/extensions/typescript-language-features/dist/extension.js:1:205455)
	at /usr/share/code/resources/app/extensions/typescript-language-features/dist/extension.js:1:204931
	at l.fire (/usr/share/code/resources/app/out/vs/workbench/services/extensions/node/extensionHostProcess.js:46:893)
	at t.Reader.onLengthData (/usr/share/code/resources/app/extensions/typescript-language-features/dist/extension.js:1:212021)
	at Socket.<anonymous> (/usr/share/code/resources/app/extensions/typescript-language-features/dist/extension.js:1:211669)
	at Socket.emit (events.js:200:13)
	at addChunk (_stream_readable.js:294:12)
	at readableAddChunk (_stream_readable.js:275:11)
	at Socket.Readable.push (_stream_readable.js:210:10)
	at Pipe.onStreamRead (internal/stream_base_commons.js:166:17)
