Looking for git in: git
Using git 2.17.1 from git
> git rev-parse --show-toplevel
> git rev-parse --git-dir
Open repository: /home/nadhir/Documents/SensorsSampleApp
> git status -z -u
> git symbolic-ref --short HEAD
> git rev-parse master
> git rev-parse --symbolic-full-name master@{u}
fatal: no upstream configured for branch 'master'
> git for-each-ref --format %(refname) %(objectname) --sort -committerdate
> git remote --verbose
> git config --get commit.template
> git rev-parse --show-toplevel
> git rev-parse --git-dir
Open repository: /home/nadhir/Documents/vertuoz-dashboard
> git status -z -u
> git check-ignore -v -z --stdin
> git check-ignore -v -z --stdin
> git symbolic-ref --short HEAD
> git rev-parse feature/devs-suivie-de-mesures
> git rev-parse --symbolic-full-name feature/devs-suivie-de-mesures@{u}
> git rev-list --left-right feature/devs-suivie-de-mesures...refs/remotes/origin/feature/devs-suivie-de-mesures
> git for-each-ref --format %(refname) %(objectname) --sort -committerdate
> git remote --verbose
> git config --get commit.template
> git status -z -u
> git symbolic-ref --short HEAD
> git rev-parse master
> git rev-parse --symbolic-full-name master@{u}
fatal: no upstream configured for branch 'master'
> git for-each-ref --format %(refname) %(objectname) --sort -committerdate
> git remote --verbose
> git config --get commit.template
> git check-ignore -v -z --stdin
> git status -z -u
> git symbolic-ref --short HEAD
> git rev-parse master
> git rev-parse --symbolic-full-name master@{u}
fatal: no upstream configured for branch 'master'
> git for-each-ref --format %(refname) %(objectname) --sort -committerdate
> git remote --verbose
> git config --get commit.template
> git check-ignore -v -z --stdin
> git check-ignore -v -z --stdin
> git status -z -u
> git symbolic-ref --short HEAD
> git rev-parse master
> git rev-parse --symbolic-full-name master@{u}
fatal: no upstream configured for branch 'master'
> git for-each-ref --format %(refname) %(objectname) --sort -committerdate
> git remote --verbose
> git config --get commit.template
> git status -z -u
> git symbolic-ref --short HEAD
> git rev-parse master
> git rev-parse --symbolic-full-name master@{u}
fatal: no upstream configured for branch 'master'
> git for-each-ref --format %(refname) %(objectname) --sort -committerdate
> git remote --verbose
> git config --get commit.template
> git status -z -u
> git symbolic-ref --short HEAD
> git rev-parse master
> git rev-parse --symbolic-full-name master@{u}
fatal: no upstream configured for branch 'master'
> git for-each-ref --format %(refname) %(objectname) --sort -committerdate
> git remote --verbose
> git config --get commit.template
> git check-ignore -v -z --stdin
> git check-ignore -v -z --stdin
> git check-ignore -v -z --stdin
> git status -z -u
> git symbolic-ref --short HEAD
> git rev-parse master
> git rev-parse --symbolic-full-name master@{u}
fatal: no upstream configured for branch 'master'
> git for-each-ref --format %(refname) %(objectname) --sort -committerdate
> git remote --verbose
> git config --get commit.template
> git status -z -u
> git symbolic-ref --short HEAD
> git rev-parse master
> git rev-parse --symbolic-full-name master@{u}
fatal: no upstream configured for branch 'master'
> git for-each-ref --format %(refname) %(objectname) --sort -committerdate
> git remote --verbose
> git config --get commit.template
> git status -z -u
> git symbolic-ref --short HEAD
> git rev-parse master
> git rev-parse --symbolic-full-name master@{u}
fatal: no upstream configured for branch 'master'
> git for-each-ref --format %(refname) %(objectname) --sort -committerdate
> git remote --verbose
> git config --get commit.template
> git status -z -u
> git symbolic-ref --short HEAD
> git rev-parse master
> git rev-parse --symbolic-full-name master@{u}
fatal: no upstream configured for branch 'master'
> git for-each-ref --format %(refname) %(objectname) --sort -committerdate
> git remote --verbose
> git config --get commit.template
> git check-ignore -v -z --stdin
> git status -z -u
> git symbolic-ref --short HEAD
> git rev-parse master
> git rev-parse --symbolic-full-name master@{u}
fatal: no upstream configured for branch 'master'
> git for-each-ref --format %(refname) %(objectname) --sort -committerdate
> git remote --verbose
> git config --get commit.template
> git check-ignore -v -z --stdin
> git status -z -u
> git symbolic-ref --short HEAD
> git rev-parse master
> git rev-parse --symbolic-full-name master@{u}
fatal: no upstream configured for branch 'master'
> git for-each-ref --format %(refname) %(objectname) --sort -committerdate
> git remote --verbose
> git config --get commit.template
> git check-ignore -v -z --stdin
> git status -z -u
> git symbolic-ref --short HEAD
> git rev-parse master
> git rev-parse --symbolic-full-name master@{u}
fatal: no upstream configured for branch 'master'
> git for-each-ref --format %(refname) %(objectname) --sort -committerdate
> git remote --verbose
> git config --get commit.template
> git check-ignore -v -z --stdin
> git status -z -u
> git symbolic-ref --short HEAD
> git rev-parse master
> git rev-parse --symbolic-full-name master@{u}
fatal: no upstream configured for branch 'master'
> git for-each-ref --format %(refname) %(objectname) --sort -committerdate
> git remote --verbose
> git config --get commit.template
> git check-ignore -v -z --stdin
> git status -z -u
> git symbolic-ref --short HEAD
> git rev-parse master
> git rev-parse --symbolic-full-name master@{u}
fatal: no upstream configured for branch 'master'
> git for-each-ref --format %(refname) %(objectname) --sort -committerdate
> git remote --verbose
> git config --get commit.template
> git check-ignore -v -z --stdin
> git status -z -u
> git symbolic-ref --short HEAD
> git rev-parse master
> git rev-parse --symbolic-full-name master@{u}
fatal: no upstream configured for branch 'master'
> git for-each-ref --format %(refname) %(objectname) --sort -committerdate
> git remote --verbose
> git config --get commit.template
> git status -z -u
> git symbolic-ref --short HEAD
> git rev-parse master
> git rev-parse --symbolic-full-name master@{u}
fatal: no upstream configured for branch 'master'
> git for-each-ref --format %(refname) %(objectname) --sort -committerdate
> git remote --verbose
> git config --get commit.template
> git status -z -u
> git symbolic-ref --short HEAD
> git rev-parse master
> git rev-parse --symbolic-full-name master@{u}
fatal: no upstream configured for branch 'master'
> git for-each-ref --format %(refname) %(objectname) --sort -committerdate
> git remote --verbose
> git config --get commit.template
> git check-ignore -v -z --stdin
> git status -z -u
> git symbolic-ref --short HEAD
> git rev-parse master
> git rev-parse --symbolic-full-name master@{u}
fatal: no upstream configured for branch 'master'
> git for-each-ref --format %(refname) %(objectname) --sort -committerdate
> git remote --verbose
> git config --get commit.template
> git status -z -u
> git symbolic-ref --short HEAD
> git rev-parse master
> git rev-parse --symbolic-full-name master@{u}
fatal: no upstream configured for branch 'master'
> git for-each-ref --format %(refname) %(objectname) --sort -committerdate
> git remote --verbose
> git config --get commit.template
> git check-ignore -v -z --stdin
> git status -z -u
> git symbolic-ref --short HEAD
> git rev-parse master
> git rev-parse --symbolic-full-name master@{u}
fatal: no upstream configured for branch 'master'
> git for-each-ref --format %(refname) %(objectname) --sort -committerdate
> git remote --verbose
> git config --get commit.template
> git status -z -u
> git symbolic-ref --short HEAD
> git rev-parse master
> git rev-parse --symbolic-full-name master@{u}
fatal: no upstream configured for branch 'master'
> git for-each-ref --format %(refname) %(objectname) --sort -committerdate
> git remote --verbose
> git config --get commit.template
> git check-ignore -v -z --stdin
> git status -z -u
> git symbolic-ref --short HEAD
> git rev-parse master
> git rev-parse --symbolic-full-name master@{u}
fatal: no upstream configured for branch 'master'
> git for-each-ref --format %(refname) %(objectname) --sort -committerdate
> git remote --verbose
> git config --get commit.template
> git status -z -u
> git symbolic-ref --short HEAD
> git rev-parse master
> git rev-parse --symbolic-full-name master@{u}
fatal: no upstream configured for branch 'master'
> git for-each-ref --format %(refname) %(objectname) --sort -committerdate
> git remote --verbose
> git config --get commit.template
> git check-ignore -v -z --stdin
> git status -z -u
> git symbolic-ref --short HEAD
> git rev-parse master
> git rev-parse --symbolic-full-name master@{u}
fatal: no upstream configured for branch 'master'
> git for-each-ref --format %(refname) %(objectname) --sort -committerdate
> git remote --verbose
> git config --get commit.template
> git check-ignore -v -z --stdin
> git show :src/app/shared/material/material.module.ts
> git status -z -u
> git symbolic-ref --short HEAD
> git rev-parse master
> git rev-parse --symbolic-full-name master@{u}
fatal: no upstream configured for branch 'master'
> git for-each-ref --format %(refname) %(objectname) --sort -committerdate
> git remote --verbose
> git config --get commit.template
> git status -z -u
> git symbolic-ref --short HEAD
> git rev-parse master
> git rev-parse --symbolic-full-name master@{u}
fatal: no upstream configured for branch 'master'
> git for-each-ref --format %(refname) %(objectname) --sort -committerdate
> git remote --verbose
> git config --get commit.template
> git status -z -u
> git symbolic-ref --short HEAD
> git rev-parse master
> git rev-parse --symbolic-full-name master@{u}
fatal: no upstream configured for branch 'master'
> git for-each-ref --format %(refname) %(objectname) --sort -committerdate
> git remote --verbose
> git config --get commit.template
> git status -z -u
> git symbolic-ref --short HEAD
> git rev-parse master
> git rev-parse --symbolic-full-name master@{u}
fatal: no upstream configured for branch 'master'
> git for-each-ref --format %(refname) %(objectname) --sort -committerdate
> git remote --verbose
> git config --get commit.template
> git status -z -u
> git symbolic-ref --short HEAD
> git rev-parse master
> git rev-parse --symbolic-full-name master@{u}
fatal: no upstream configured for branch 'master'
> git for-each-ref --format %(refname) %(objectname) --sort -committerdate
> git remote --verbose
> git config --get commit.template
> git status -z -u
> git symbolic-ref --short HEAD
> git rev-parse master
> git rev-parse --symbolic-full-name master@{u}
fatal: no upstream configured for branch 'master'
> git for-each-ref --format %(refname) %(objectname) --sort -committerdate
> git remote --verbose
> git config --get commit.template
> git status -z -u
> git symbolic-ref --short HEAD
> git rev-parse master
> git rev-parse --symbolic-full-name master@{u}
fatal: no upstream configured for branch 'master'
> git for-each-ref --format %(refname) %(objectname) --sort -committerdate
> git remote --verbose
> git config --get commit.template
> git status -z -u
> git symbolic-ref --short HEAD
> git rev-parse master
> git rev-parse --symbolic-full-name master@{u}
fatal: no upstream configured for branch 'master'
> git for-each-ref --format %(refname) %(objectname) --sort -committerdate
> git remote --verbose
> git config --get commit.template
> git show :src/app/shared/components/bouygues-charts/vertuoz-chart.component.html
> git show :src/app/shared/components/bouygues-charts/bouygues-chart.component.html
> git check-ignore -v -z --stdin
> git show :src/app/shared/components/bouygues-charts/vertuoz-chart.component.scss
> git show :src/app/shared/components/bouygues-charts/bouygues-chart.component.scss
> git check-ignore -v -z --stdin
> git show :src/app/shared/components/bouygues-charts/vertuoz-chart.component.ts
> git check-ignore -v -z --stdin
> git show :src/app/shared/components/bouygues-charts/bouygues-chart.component.ts
> git show :package.json
> git show :src/app/shared/components/bouygues-charts/bouygues-chart.component.html
> git show :src/app/shared/components/bouygues-charts/bouygues-chart.component.ts
> git show :src/app/shared/components/bouygues-charts/bouygues-chart.component.html
> git show :src/app/shared/components/bouygues-charts/bouygues-chart.component.ts
