[2020-02-10 17:55:32.367] [exthost] [info] extension host started
[2020-02-10 17:55:32.461] [exthost] [info] ExtensionService#_doActivateExtension vscode.debug-auto-launch {"startup":true,"extensionId":{"value":"vscode.debug-auto-launch","_lower":"vscode.debug-auto-launch"},"activationEvent":"*"}
[2020-02-10 17:55:32.461] [exthost] [info] ExtensionService#loadCommonJSModule file:///usr/share/code/resources/app/extensions/debug-auto-launch/dist/extension
[2020-02-10 17:55:32.474] [exthost] [info] ExtensionService#_doActivateExtension vscode.emmet {"startup":true,"extensionId":{"value":"vscode.emmet","_lower":"vscode.emmet"},"activationEvent":"*"}
[2020-02-10 17:55:32.475] [exthost] [info] ExtensionService#loadCommonJSModule file:///usr/share/code/resources/app/extensions/emmet/dist/extension
[2020-02-10 17:55:32.518] [exthost] [info] ExtensionService#_doActivateExtension vscode.git {"startup":true,"extensionId":{"value":"vscode.git","_lower":"vscode.git"},"activationEvent":"*"}
[2020-02-10 17:55:32.519] [exthost] [info] ExtensionService#loadCommonJSModule file:///usr/share/code/resources/app/extensions/git/dist/main
[2020-02-10 17:55:32.575] [exthost] [info] ExtensionService#_doActivateExtension vscode.merge-conflict {"startup":true,"extensionId":{"value":"vscode.merge-conflict","_lower":"vscode.merge-conflict"},"activationEvent":"*"}
[2020-02-10 17:55:32.575] [exthost] [info] ExtensionService#loadCommonJSModule file:///usr/share/code/resources/app/extensions/merge-conflict/dist/extension
[2020-02-10 17:55:32.602] [exthost] [info] ExtensionService#_doActivateExtension vscode.search-result {"startup":true,"extensionId":{"value":"vscode.search-result","_lower":"vscode.search-result"},"activationEvent":"*"}
[2020-02-10 17:55:32.603] [exthost] [info] ExtensionService#loadCommonJSModule file:///usr/share/code/resources/app/extensions/search-result/dist/extension.js
[2020-02-10 17:55:32.633] [exthost] [info] ExtensionService#_doActivateExtension vscode.npm {"startup":true,"extensionId":{"value":"vscode.npm","_lower":"vscode.npm"},"activationEvent":"workspaceContains:package.json"}
[2020-02-10 17:55:32.633] [exthost] [info] ExtensionService#loadCommonJSModule file:///usr/share/code/resources/app/extensions/npm/dist/main
[2020-02-10 17:55:32.879] [exthost] [info] eager extensions activated
[2020-02-10 17:55:48.671] [exthost] [info] ExtensionService#_doActivateExtension vscode.extension-editing {"startup":false,"extensionId":{"value":"vscode.extension-editing","_lower":"vscode.extension-editing"},"activationEvent":"onLanguage:typescript"}
[2020-02-10 17:55:48.671] [exthost] [info] ExtensionService#loadCommonJSModule file:///usr/share/code/resources/app/extensions/extension-editing/dist/extension
[2020-02-10 17:55:48.691] [exthost] [info] ExtensionService#_doActivateExtension vscode.typescript-language-features {"startup":false,"extensionId":{"value":"vscode.typescript-language-features","_lower":"vscode.typescript-language-features"},"activationEvent":"onLanguage:typescript"}
[2020-02-10 17:55:48.692] [exthost] [info] ExtensionService#loadCommonJSModule file:///usr/share/code/resources/app/extensions/typescript-language-features/dist/extension
[2020-02-10 17:56:08.764] [exthost] [info] ExtensionService#_doActivateExtension vscode.configuration-editing {"startup":false,"extensionId":{"value":"vscode.configuration-editing","_lower":"vscode.configuration-editing"},"activationEvent":"onLanguage:jsonc"}
[2020-02-10 17:56:08.764] [exthost] [info] ExtensionService#loadCommonJSModule file:///usr/share/code/resources/app/extensions/configuration-editing/dist/extension
[2020-02-10 17:56:08.801] [exthost] [info] ExtensionService#_doActivateExtension vscode.json-language-features {"startup":false,"extensionId":{"value":"vscode.json-language-features","_lower":"vscode.json-language-features"},"activationEvent":"onLanguage:jsonc"}
[2020-02-10 17:56:08.801] [exthost] [info] ExtensionService#loadCommonJSModule file:///usr/share/code/resources/app/extensions/json-language-features/client/dist/jsonMain
[2020-02-10 18:04:09.157] [exthost] [error] [vscode.typescript-language-features] provider FAILED
[2020-02-10 18:04:09.175] [exthost] [error] Error: <semantic> TypeScript Server Error (3.7.3)
Maximum call stack size exceeded
RangeError: Maximum call stack size exceeded
    at String.replace (<anonymous>)
    at normalizeSlashes (tsserver.js:5897:21)
    at combinePaths (tsserver.js:5958:28)
    at getPathComponents (tsserver.js:5872:16)
    at normalizePath (tsserver.js:6006:73)
    at Object.toPath (tsserver.js:6021:15)
    at toPath (tsserver.js:115355:23)
    at getSourceFile (tsserver.js:115407:24)
    at tryGetSourcePosition (tsserver.js:115376:24)
    at tryGetSourcePosition (tsserver.js:115380:61)
    at tryGetSourcePosition (tsserver.js:115380:61)
    at tryGetSourcePosition (tsserver.js:115380:61)
    at tryGetSourcePosition (tsserver.js:115380:61)
    at tryGetSourcePosition (tsserver.js:115380:61)
    at tryGetSourcePosition (tsserver.js:115380:61)
    at tryGetSourcePosition (tsserver.js:115380:61)
    at tryGetSourcePosition (tsserver.js:115380:61)
    at tryGetSourcePosition (tsserver.js:115380:61)
    at tryGetSourcePosition (tsserver.js:115380:61)
    at tryGetSourcePosition (tsserver.js:115380:61)
    at tryGetSourcePosition (tsserver.js:115380:61)
    at tryGetSourcePosition (tsserver.js:115380:61)
    at tryGetSourcePosition (tsserver.js:115380:61)
    at tryGetSourcePosition (tsserver.js:115380:61)
    at tryGetSourcePosition (tsserver.js:115380:61)
    at tryGetSourcePosition (tsserver.js:115380:61)
    at tryGetSourcePosition (tsserver.js:115380:61)
    at tryGetSourcePosition (tsserver.js:115380:61)
    at tryGetSourcePosition (tsserver.js:115380:61)
    at tryGetSourcePosition (tsserver.js:115380:61)
    at tryGetSourcePosition (tsserver.js:115380:61)
    at tryGetSourcePosition (tsserver.js:115380:61)
    at tryGetSourcePosition (tsserver.js:115380:61)
    at tryGetSourcePosition (tsserver.js:115380:61)
    at tryGetSourcePosition (tsserver.js:115380:61)
    at tryGetSourcePosition (tsserver.js:115380:61)
    at tryGetSourcePosition (tsserver.js:115380:61)
    at tryGetSourcePosition (tsserver.js:115380:61)
    at tryGetSourcePosition (tsserver.js:115380:61)
    at tryGetSourcePosition (tsserver.js:115380:61)
    at tryGetSourcePosition (tsserver.js:115380:61)
    at tryGetSourcePosition (tsserver.js:115380:61)
    at tryGetSourcePosition (tsserver.js:115380:61)
    at tryGetSourcePosition (tsserver.js:115380:61)
    at tryGetSourcePosition (tsserver.js:115380:61)
    at tryGetSourcePosition (tsserver.js:115380:61)
    at tryGetSourcePosition (tsserver.js:115380:61)
    at tryGetSourcePosition (tsserver.js:115380:61)
    at tryGetSourcePosition (tsserver.js:115380:61)
    at tryGetSourcePosition (tsserver.js:115380:61)
    at tryGetSourcePosition (tsserver.js:115380:61)
    at tryGetSourcePosition (tsserver.js:115380:61)
    at tryGetSourcePosition (tsserver.js:115380:61)
    at tryGetSourcePosition (tsserver.js:115380:61)
    at tryGetSourcePosition (tsserver.js:115380:61)
    at tryGetSourcePosition (tsserver.js:115380:61)
    at tryGetSourcePosition (tsserver.js:115380:61)
    at tryGetSourcePosition (tsserver.js:115380:61)
    at tryGetSourcePosition (tsserver.js:115380:61)
    at tryGetSourcePosition (tsserver.js:115380:61)
    at tryGetSourcePosition (tsserver.js:115380:61)
    at tryGetSourcePosition (tsserver.js:115380:61)
    at tryGetSourcePosition (tsserver.js:115380:61)
    at tryGetSourcePosition (tsserver.js:115380:61)
    at tryGetSourcePosition (tsserver.js:115380:61)
    at tryGetSourcePosition (tsserver.js:115380:61)
    at tryGetSourcePosition (tsserver.js:115380:61)
    at tryGetSourcePosition (tsserver.js:115380:61)
    at tryGetSourcePosition (tsserver.js:115380:61)
    at tryGetSourcePosition (tsserver.js:115380:61)
    at tryGetSourcePosition (tsserver.js:115380:61)
    at tryGetSourcePosition (tsserver.js:115380:61)
    at tryGetSourcePosition (tsserver.js:115380:61)
    at tryGetSourcePosition (tsserver.js:115380:61)
    at tryGetSourcePosition (tsserver.js:115380:61)
    at tryGetSourcePosition (tsserver.js:115380:61)
    at tryGetSourcePosition (tsserver.js:115380:61)
    at tryGetSourcePosition (tsserver.js:115380:61)
    at tryGetSourcePosition (tsserver.js:115380:61)
    at tryGetSourcePosition (tsserver.js:115380:61)
    at tryGetSourcePosition (tsserver.js:115380:61)
    at tryGetSourcePosition (tsserver.js:115380:61)
    at tryGetSourcePosition (tsserver.js:115380:61)
    at tryGetSourcePosition (tsserver.js:115380:61)
    at tryGetSourcePosition (tsserver.js:115380:61)
    at tryGetSourcePosition (tsserver.js:115380:61)
    at tryGetSourcePosition (tsserver.js:115380:61)
    at tryGetSourcePosition (tsserver.js:115380:61)
    at tryGetSourcePosition (tsserver.js:115380:61)
    at tryGetSourcePosition (tsserver.js:115380:61)
    at tryGetSourcePosition (tsserver.js:115380:61)
    at tryGetSourcePosition (tsserver.js:115380:61)
    at tryGetSourcePosition (tsserver.js:115380:61)
    at tryGetSourcePosition (tsserver.js:115380:61)
    at tryGetSourcePosition (tsserver.js:115380:61)
    at tryGetSourcePosition (tsserver.js:115380:61)
    at tryGetSourcePosition (tsserver.js:115380:61)
    at tryGetSourcePosition (tsserver.js:115380:61)
    at tryGetSourcePosition (tsserver.js:115380:61)
    at tryGetSourcePosition (tsserver.js:115380:61)
	at Function.create (/usr/share/code/resources/app/extensions/typescript-language-features/dist/extension.js:1:47388)
	at h.dispatchResponse (/usr/share/code/resources/app/extensions/typescript-language-features/dist/extension.js:1:206557)
	at h.dispatchMessage (/usr/share/code/resources/app/extensions/typescript-language-features/dist/extension.js:1:205455)
	at /usr/share/code/resources/app/extensions/typescript-language-features/dist/extension.js:1:204931
	at l.fire (/usr/share/code/resources/app/out/vs/workbench/services/extensions/node/extensionHostProcess.js:46:893)
	at t.Reader.onLengthData (/usr/share/code/resources/app/extensions/typescript-language-features/dist/extension.js:1:212021)
	at Socket.<anonymous> (/usr/share/code/resources/app/extensions/typescript-language-features/dist/extension.js:1:211669)
	at Socket.emit (events.js:200:13)
	at addChunk (_stream_readable.js:294:12)
	at readableAddChunk (_stream_readable.js:275:11)
	at Socket.Readable.push (_stream_readable.js:210:10)
	at Pipe.onStreamRead (internal/stream_base_commons.js:166:17)
[2020-02-10 18:08:43.551] [exthost] [info] ExtensionService#_doActivateExtension vscode.html-language-features {"startup":false,"extensionId":{"value":"vscode.html-language-features","_lower":"vscode.html-language-features"},"activationEvent":"onLanguage:html"}
[2020-02-10 18:08:43.551] [exthost] [info] ExtensionService#loadCommonJSModule file:///usr/share/code/resources/app/extensions/html-language-features/client/dist/htmlMain
[2020-02-10 18:20:05.172] [exthost] [error] [vscode.typescript-language-features] provider FAILED
[2020-02-10 18:20:05.172] [exthost] [error] Error: <semantic> TypeScript Server Error (3.7.3)
Maximum call stack size exceeded
RangeError: Maximum call stack size exceeded
    at String.replace (<anonymous>)
    at normalizeSlashes (tsserver.js:5897:21)
    at combinePaths (tsserver.js:5958:28)
    at getPathComponents (tsserver.js:5872:16)
    at normalizePath (tsserver.js:6006:73)
    at Object.toPath (tsserver.js:6021:15)
    at toPath (tsserver.js:115355:23)
    at getSourceFile (tsserver.js:115407:24)
    at tryGetSourcePosition (tsserver.js:115376:24)
    at tryGetSourcePosition (tsserver.js:115380:61)
    at tryGetSourcePosition (tsserver.js:115380:61)
    at tryGetSourcePosition (tsserver.js:115380:61)
    at tryGetSourcePosition (tsserver.js:115380:61)
    at tryGetSourcePosition (tsserver.js:115380:61)
    at tryGetSourcePosition (tsserver.js:115380:61)
    at tryGetSourcePosition (tsserver.js:115380:61)
    at tryGetSourcePosition (tsserver.js:115380:61)
    at tryGetSourcePosition (tsserver.js:115380:61)
    at tryGetSourcePosition (tsserver.js:115380:61)
    at tryGetSourcePosition (tsserver.js:115380:61)
    at tryGetSourcePosition (tsserver.js:115380:61)
    at tryGetSourcePosition (tsserver.js:115380:61)
    at tryGetSourcePosition (tsserver.js:115380:61)
    at tryGetSourcePosition (tsserver.js:115380:61)
    at tryGetSourcePosition (tsserver.js:115380:61)
    at tryGetSourcePosition (tsserver.js:115380:61)
    at tryGetSourcePosition (tsserver.js:115380:61)
    at tryGetSourcePosition (tsserver.js:115380:61)
    at tryGetSourcePosition (tsserver.js:115380:61)
    at tryGetSourcePosition (tsserver.js:115380:61)
    at tryGetSourcePosition (tsserver.js:115380:61)
    at tryGetSourcePosition (tsserver.js:115380:61)
    at tryGetSourcePosition (tsserver.js:115380:61)
    at tryGetSourcePosition (tsserver.js:115380:61)
    at tryGetSourcePosition (tsserver.js:115380:61)
    at tryGetSourcePosition (tsserver.js:115380:61)
    at tryGetSourcePosition (tsserver.js:115380:61)
    at tryGetSourcePosition (tsserver.js:115380:61)
    at tryGetSourcePosition (tsserver.js:115380:61)
    at tryGetSourcePosition (tsserver.js:115380:61)
    at tryGetSourcePosition (tsserver.js:115380:61)
    at tryGetSourcePosition (tsserver.js:115380:61)
    at tryGetSourcePosition (tsserver.js:115380:61)
    at tryGetSourcePosition (tsserver.js:115380:61)
    at tryGetSourcePosition (tsserver.js:115380:61)
    at tryGetSourcePosition (tsserver.js:115380:61)
    at tryGetSourcePosition (tsserver.js:115380:61)
    at tryGetSourcePosition (tsserver.js:115380:61)
    at tryGetSourcePosition (tsserver.js:115380:61)
    at tryGetSourcePosition (tsserver.js:115380:61)
    at tryGetSourcePosition (tsserver.js:115380:61)
    at tryGetSourcePosition (tsserver.js:115380:61)
    at tryGetSourcePosition (tsserver.js:115380:61)
    at tryGetSourcePosition (tsserver.js:115380:61)
    at tryGetSourcePosition (tsserver.js:115380:61)
    at tryGetSourcePosition (tsserver.js:115380:61)
    at tryGetSourcePosition (tsserver.js:115380:61)
    at tryGetSourcePosition (tsserver.js:115380:61)
    at tryGetSourcePosition (tsserver.js:115380:61)
    at tryGetSourcePosition (tsserver.js:115380:61)
    at tryGetSourcePosition (tsserver.js:115380:61)
    at tryGetSourcePosition (tsserver.js:115380:61)
    at tryGetSourcePosition (tsserver.js:115380:61)
    at tryGetSourcePosition (tsserver.js:115380:61)
    at tryGetSourcePosition (tsserver.js:115380:61)
    at tryGetSourcePosition (tsserver.js:115380:61)
    at tryGetSourcePosition (tsserver.js:115380:61)
    at tryGetSourcePosition (tsserver.js:115380:61)
    at tryGetSourcePosition (tsserver.js:115380:61)
    at tryGetSourcePosition (tsserver.js:115380:61)
    at tryGetSourcePosition (tsserver.js:115380:61)
    at tryGetSourcePosition (tsserver.js:115380:61)
    at tryGetSourcePosition (tsserver.js:115380:61)
    at tryGetSourcePosition (tsserver.js:115380:61)
    at tryGetSourcePosition (tsserver.js:115380:61)
    at tryGetSourcePosition (tsserver.js:115380:61)
    at tryGetSourcePosition (tsserver.js:115380:61)
    at tryGetSourcePosition (tsserver.js:115380:61)
    at tryGetSourcePosition (tsserver.js:115380:61)
    at tryGetSourcePosition (tsserver.js:115380:61)
    at tryGetSourcePosition (tsserver.js:115380:61)
    at tryGetSourcePosition (tsserver.js:115380:61)
    at tryGetSourcePosition (tsserver.js:115380:61)
    at tryGetSourcePosition (tsserver.js:115380:61)
    at tryGetSourcePosition (tsserver.js:115380:61)
    at tryGetSourcePosition (tsserver.js:115380:61)
    at tryGetSourcePosition (tsserver.js:115380:61)
    at tryGetSourcePosition (tsserver.js:115380:61)
    at tryGetSourcePosition (tsserver.js:115380:61)
    at tryGetSourcePosition (tsserver.js:115380:61)
    at tryGetSourcePosition (tsserver.js:115380:61)
    at tryGetSourcePosition (tsserver.js:115380:61)
    at tryGetSourcePosition (tsserver.js:115380:61)
    at tryGetSourcePosition (tsserver.js:115380:61)
    at tryGetSourcePosition (tsserver.js:115380:61)
    at tryGetSourcePosition (tsserver.js:115380:61)
    at tryGetSourcePosition (tsserver.js:115380:61)
    at tryGetSourcePosition (tsserver.js:115380:61)
    at tryGetSourcePosition (tsserver.js:115380:61)
    at tryGetSourcePosition (tsserver.js:115380:61)
	at Function.create (/usr/share/code/resources/app/extensions/typescript-language-features/dist/extension.js:1:47388)
	at h.dispatchResponse (/usr/share/code/resources/app/extensions/typescript-language-features/dist/extension.js:1:206557)
	at h.dispatchMessage (/usr/share/code/resources/app/extensions/typescript-language-features/dist/extension.js:1:205455)
	at /usr/share/code/resources/app/extensions/typescript-language-features/dist/extension.js:1:204931
	at l.fire (/usr/share/code/resources/app/out/vs/workbench/services/extensions/node/extensionHostProcess.js:46:893)
	at t.Reader.onLengthData (/usr/share/code/resources/app/extensions/typescript-language-features/dist/extension.js:1:212021)
	at Socket.<anonymous> (/usr/share/code/resources/app/extensions/typescript-language-features/dist/extension.js:1:211669)
	at Socket.emit (events.js:200:13)
	at addChunk (_stream_readable.js:294:12)
	at readableAddChunk (_stream_readable.js:275:11)
	at Socket.Readable.push (_stream_readable.js:210:10)
	at Pipe.onStreamRead (internal/stream_base_commons.js:166:17)
[2020-02-10 18:20:06.237] [exthost] [error] [vscode.typescript-language-features] provider FAILED
[2020-02-10 18:20:06.237] [exthost] [error] Error: <semantic> TypeScript Server Error (3.7.3)
Maximum call stack size exceeded
RangeError: Maximum call stack size exceeded
    at String.replace (<anonymous>)
    at normalizeSlashes (tsserver.js:5897:21)
    at combinePaths (tsserver.js:5958:28)
    at getPathComponents (tsserver.js:5872:16)
    at normalizePath (tsserver.js:6006:73)
    at Object.toPath (tsserver.js:6021:15)
    at toPath (tsserver.js:115355:23)
    at getSourceFile (tsserver.js:115407:24)
    at tryGetSourcePosition (tsserver.js:115376:24)
    at tryGetSourcePosition (tsserver.js:115380:61)
    at tryGetSourcePosition (tsserver.js:115380:61)
    at tryGetSourcePosition (tsserver.js:115380:61)
    at tryGetSourcePosition (tsserver.js:115380:61)
    at tryGetSourcePosition (tsserver.js:115380:61)
    at tryGetSourcePosition (tsserver.js:115380:61)
    at tryGetSourcePosition (tsserver.js:115380:61)
    at tryGetSourcePosition (tsserver.js:115380:61)
    at tryGetSourcePosition (tsserver.js:115380:61)
    at tryGetSourcePosition (tsserver.js:115380:61)
    at tryGetSourcePosition (tsserver.js:115380:61)
    at tryGetSourcePosition (tsserver.js:115380:61)
    at tryGetSourcePosition (tsserver.js:115380:61)
    at tryGetSourcePosition (tsserver.js:115380:61)
    at tryGetSourcePosition (tsserver.js:115380:61)
    at tryGetSourcePosition (tsserver.js:115380:61)
    at tryGetSourcePosition (tsserver.js:115380:61)
    at tryGetSourcePosition (tsserver.js:115380:61)
    at tryGetSourcePosition (tsserver.js:115380:61)
    at tryGetSourcePosition (tsserver.js:115380:61)
    at tryGetSourcePosition (tsserver.js:115380:61)
    at tryGetSourcePosition (tsserver.js:115380:61)
    at tryGetSourcePosition (tsserver.js:115380:61)
    at tryGetSourcePosition (tsserver.js:115380:61)
    at tryGetSourcePosition (tsserver.js:115380:61)
    at tryGetSourcePosition (tsserver.js:115380:61)
    at tryGetSourcePosition (tsserver.js:115380:61)
    at tryGetSourcePosition (tsserver.js:115380:61)
    at tryGetSourcePosition (tsserver.js:115380:61)
    at tryGetSourcePosition (tsserver.js:115380:61)
    at tryGetSourcePosition (tsserver.js:115380:61)
    at tryGetSourcePosition (tsserver.js:115380:61)
    at tryGetSourcePosition (tsserver.js:115380:61)
    at tryGetSourcePosition (tsserver.js:115380:61)
    at tryGetSourcePosition (tsserver.js:115380:61)
    at tryGetSourcePosition (tsserver.js:115380:61)
    at tryGetSourcePosition (tsserver.js:115380:61)
    at tryGetSourcePosition (tsserver.js:115380:61)
    at tryGetSourcePosition (tsserver.js:115380:61)
    at tryGetSourcePosition (tsserver.js:115380:61)
    at tryGetSourcePosition (tsserver.js:115380:61)
    at tryGetSourcePosition (tsserver.js:115380:61)
    at tryGetSourcePosition (tsserver.js:115380:61)
    at tryGetSourcePosition (tsserver.js:115380:61)
    at tryGetSourcePosition (tsserver.js:115380:61)
    at tryGetSourcePosition (tsserver.js:115380:61)
    at tryGetSourcePosition (tsserver.js:115380:61)
    at tryGetSourcePosition (tsserver.js:115380:61)
    at tryGetSourcePosition (tsserver.js:115380:61)
    at tryGetSourcePosition (tsserver.js:115380:61)
    at tryGetSourcePosition (tsserver.js:115380:61)
    at tryGetSourcePosition (tsserver.js:115380:61)
    at tryGetSourcePosition (tsserver.js:115380:61)
    at tryGetSourcePosition (tsserver.js:115380:61)
    at tryGetSourcePosition (tsserver.js:115380:61)
    at tryGetSourcePosition (tsserver.js:115380:61)
    at tryGetSourcePosition (tsserver.js:115380:61)
    at tryGetSourcePosition (tsserver.js:115380:61)
    at tryGetSourcePosition (tsserver.js:115380:61)
    at tryGetSourcePosition (tsserver.js:115380:61)
    at tryGetSourcePosition (tsserver.js:115380:61)
    at tryGetSourcePosition (tsserver.js:115380:61)
    at tryGetSourcePosition (tsserver.js:115380:61)
    at tryGetSourcePosition (tsserver.js:115380:61)
    at tryGetSourcePosition (tsserver.js:115380:61)
    at tryGetSourcePosition (tsserver.js:115380:61)
    at tryGetSourcePosition (tsserver.js:115380:61)
    at tryGetSourcePosition (tsserver.js:115380:61)
    at tryGetSourcePosition (tsserver.js:115380:61)
    at tryGetSourcePosition (tsserver.js:115380:61)
    at tryGetSourcePosition (tsserver.js:115380:61)
    at tryGetSourcePosition (tsserver.js:115380:61)
    at tryGetSourcePosition (tsserver.js:115380:61)
    at tryGetSourcePosition (tsserver.js:115380:61)
    at tryGetSourcePosition (tsserver.js:115380:61)
    at tryGetSourcePosition (tsserver.js:115380:61)
    at tryGetSourcePosition (tsserver.js:115380:61)
    at tryGetSourcePosition (tsserver.js:115380:61)
    at tryGetSourcePosition (tsserver.js:115380:61)
    at tryGetSourcePosition (tsserver.js:115380:61)
    at tryGetSourcePosition (tsserver.js:115380:61)
    at tryGetSourcePosition (tsserver.js:115380:61)
    at tryGetSourcePosition (tsserver.js:115380:61)
    at tryGetSourcePosition (tsserver.js:115380:61)
    at tryGetSourcePosition (tsserver.js:115380:61)
    at tryGetSourcePosition (tsserver.js:115380:61)
    at tryGetSourcePosition (tsserver.js:115380:61)
    at tryGetSourcePosition (tsserver.js:115380:61)
    at tryGetSourcePosition (tsserver.js:115380:61)
    at tryGetSourcePosition (tsserver.js:115380:61)
    at tryGetSourcePosition (tsserver.js:115380:61)
	at Function.create (/usr/share/code/resources/app/extensions/typescript-language-features/dist/extension.js:1:47388)
	at h.dispatchResponse (/usr/share/code/resources/app/extensions/typescript-language-features/dist/extension.js:1:206557)
	at h.dispatchMessage (/usr/share/code/resources/app/extensions/typescript-language-features/dist/extension.js:1:205455)
	at /usr/share/code/resources/app/extensions/typescript-language-features/dist/extension.js:1:204931
	at l.fire (/usr/share/code/resources/app/out/vs/workbench/services/extensions/node/extensionHostProcess.js:46:893)
	at t.Reader.onLengthData (/usr/share/code/resources/app/extensions/typescript-language-features/dist/extension.js:1:212021)
	at Socket.<anonymous> (/usr/share/code/resources/app/extensions/typescript-language-features/dist/extension.js:1:211669)
	at Socket.emit (events.js:200:13)
	at addChunk (_stream_readable.js:294:12)
	at readableAddChunk (_stream_readable.js:275:11)
	at Socket.Readable.push (_stream_readable.js:210:10)
	at Pipe.onStreamRead (internal/stream_base_commons.js:166:17)
[2020-02-10 18:20:06.954] [exthost] [error] [vscode.typescript-language-features] provider FAILED
[2020-02-10 18:20:06.954] [exthost] [error] Error: <semantic> TypeScript Server Error (3.7.3)
Maximum call stack size exceeded
RangeError: Maximum call stack size exceeded
    at String.replace (<anonymous>)
    at normalizeSlashes (tsserver.js:5897:21)
    at combinePaths (tsserver.js:5958:28)
    at getPathComponents (tsserver.js:5872:16)
    at normalizePath (tsserver.js:6006:73)
    at Object.toPath (tsserver.js:6021:15)
    at toPath (tsserver.js:115355:23)
    at getSourceFile (tsserver.js:115407:24)
    at tryGetSourcePosition (tsserver.js:115376:24)
    at tryGetSourcePosition (tsserver.js:115380:61)
    at tryGetSourcePosition (tsserver.js:115380:61)
    at tryGetSourcePosition (tsserver.js:115380:61)
    at tryGetSourcePosition (tsserver.js:115380:61)
    at tryGetSourcePosition (tsserver.js:115380:61)
    at tryGetSourcePosition (tsserver.js:115380:61)
    at tryGetSourcePosition (tsserver.js:115380:61)
    at tryGetSourcePosition (tsserver.js:115380:61)
    at tryGetSourcePosition (tsserver.js:115380:61)
    at tryGetSourcePosition (tsserver.js:115380:61)
    at tryGetSourcePosition (tsserver.js:115380:61)
    at tryGetSourcePosition (tsserver.js:115380:61)
    at tryGetSourcePosition (tsserver.js:115380:61)
    at tryGetSourcePosition (tsserver.js:115380:61)
    at tryGetSourcePosition (tsserver.js:115380:61)
    at tryGetSourcePosition (tsserver.js:115380:61)
    at tryGetSourcePosition (tsserver.js:115380:61)
    at tryGetSourcePosition (tsserver.js:115380:61)
    at tryGetSourcePosition (tsserver.js:115380:61)
    at tryGetSourcePosition (tsserver.js:115380:61)
    at tryGetSourcePosition (tsserver.js:115380:61)
    at tryGetSourcePosition (tsserver.js:115380:61)
    at tryGetSourcePosition (tsserver.js:115380:61)
    at tryGetSourcePosition (tsserver.js:115380:61)
    at tryGetSourcePosition (tsserver.js:115380:61)
    at tryGetSourcePosition (tsserver.js:115380:61)
    at tryGetSourcePosition (tsserver.js:115380:61)
    at tryGetSourcePosition (tsserver.js:115380:61)
    at tryGetSourcePosition (tsserver.js:115380:61)
    at tryGetSourcePosition (tsserver.js:115380:61)
    at tryGetSourcePosition (tsserver.js:115380:61)
    at tryGetSourcePosition (tsserver.js:115380:61)
    at tryGetSourcePosition (tsserver.js:115380:61)
    at tryGetSourcePosition (tsserver.js:115380:61)
    at tryGetSourcePosition (tsserver.js:115380:61)
    at tryGetSourcePosition (tsserver.js:115380:61)
    at tryGetSourcePosition (tsserver.js:115380:61)
    at tryGetSourcePosition (tsserver.js:115380:61)
    at tryGetSourcePosition (tsserver.js:115380:61)
    at tryGetSourcePosition (tsserver.js:115380:61)
    at tryGetSourcePosition (tsserver.js:115380:61)
    at tryGetSourcePosition (tsserver.js:115380:61)
    at tryGetSourcePosition (tsserver.js:115380:61)
    at tryGetSourcePosition (tsserver.js:115380:61)
    at tryGetSourcePosition (tsserver.js:115380:61)
    at tryGetSourcePosition (tsserver.js:115380:61)
    at tryGetSourcePosition (tsserver.js:115380:61)
    at tryGetSourcePosition (tsserver.js:115380:61)
    at tryGetSourcePosition (tsserver.js:115380:61)
    at tryGetSourcePosition (tsserver.js:115380:61)
    at tryGetSourcePosition (tsserver.js:115380:61)
    at tryGetSourcePosition (tsserver.js:115380:61)
    at tryGetSourcePosition (tsserver.js:115380:61)
    at tryGetSourcePosition (tsserver.js:115380:61)
    at tryGetSourcePosition (tsserver.js:115380:61)
    at tryGetSourcePosition (tsserver.js:115380:61)
    at tryGetSourcePosition (tsserver.js:115380:61)
    at tryGetSourcePosition (tsserver.js:115380:61)
    at tryGetSourcePosition (tsserver.js:115380:61)
    at tryGetSourcePosition (tsserver.js:115380:61)
    at tryGetSourcePosition (tsserver.js:115380:61)
    at tryGetSourcePosition (tsserver.js:115380:61)
    at tryGetSourcePosition (tsserver.js:115380:61)
    at tryGetSourcePosition (tsserver.js:115380:61)
    at tryGetSourcePosition (tsserver.js:115380:61)
    at tryGetSourcePosition (tsserver.js:115380:61)
    at tryGetSourcePosition (tsserver.js:115380:61)
    at tryGetSourcePosition (tsserver.js:115380:61)
    at tryGetSourcePosition (tsserver.js:115380:61)
    at tryGetSourcePosition (tsserver.js:115380:61)
    at tryGetSourcePosition (tsserver.js:115380:61)
    at tryGetSourcePosition (tsserver.js:115380:61)
    at tryGetSourcePosition (tsserver.js:115380:61)
    at tryGetSourcePosition (tsserver.js:115380:61)
    at tryGetSourcePosition (tsserver.js:115380:61)
    at tryGetSourcePosition (tsserver.js:115380:61)
    at tryGetSourcePosition (tsserver.js:115380:61)
    at tryGetSourcePosition (tsserver.js:115380:61)
    at tryGetSourcePosition (tsserver.js:115380:61)
    at tryGetSourcePosition (tsserver.js:115380:61)
    at tryGetSourcePosition (tsserver.js:115380:61)
    at tryGetSourcePosition (tsserver.js:115380:61)
    at tryGetSourcePosition (tsserver.js:115380:61)
    at tryGetSourcePosition (tsserver.js:115380:61)
    at tryGetSourcePosition (tsserver.js:115380:61)
    at tryGetSourcePosition (tsserver.js:115380:61)
    at tryGetSourcePosition (tsserver.js:115380:61)
    at tryGetSourcePosition (tsserver.js:115380:61)
    at tryGetSourcePosition (tsserver.js:115380:61)
    at tryGetSourcePosition (tsserver.js:115380:61)
    at tryGetSourcePosition (tsserver.js:115380:61)
	at Function.create (/usr/share/code/resources/app/extensions/typescript-language-features/dist/extension.js:1:47388)
	at h.dispatchResponse (/usr/share/code/resources/app/extensions/typescript-language-features/dist/extension.js:1:206557)
	at h.dispatchMessage (/usr/share/code/resources/app/extensions/typescript-language-features/dist/extension.js:1:205455)
	at /usr/share/code/resources/app/extensions/typescript-language-features/dist/extension.js:1:204931
	at l.fire (/usr/share/code/resources/app/out/vs/workbench/services/extensions/node/extensionHostProcess.js:46:893)
	at t.Reader.onLengthData (/usr/share/code/resources/app/extensions/typescript-language-features/dist/extension.js:1:212021)
	at Socket.<anonymous> (/usr/share/code/resources/app/extensions/typescript-language-features/dist/extension.js:1:211669)
	at Socket.emit (events.js:200:13)
	at addChunk (_stream_readable.js:294:12)
	at readableAddChunk (_stream_readable.js:275:11)
	at Socket.Readable.push (_stream_readable.js:210:10)
	at Pipe.onStreamRead (internal/stream_base_commons.js:166:17)
[2020-02-10 18:20:14.563] [exthost] [error] [vscode.typescript-language-features] provider FAILED
[2020-02-10 18:20:14.564] [exthost] [error] Error: <semantic> TypeScript Server Error (3.7.3)
Maximum call stack size exceeded
RangeError: Maximum call stack size exceeded
    at String.replace (<anonymous>)
    at normalizeSlashes (tsserver.js:5897:21)
    at combinePaths (tsserver.js:5958:28)
    at getPathComponents (tsserver.js:5872:16)
    at normalizePath (tsserver.js:6006:73)
    at Object.toPath (tsserver.js:6021:15)
    at toPath (tsserver.js:115355:23)
    at getSourceFile (tsserver.js:115407:24)
    at tryGetSourcePosition (tsserver.js:115376:24)
    at tryGetSourcePosition (tsserver.js:115380:61)
    at tryGetSourcePosition (tsserver.js:115380:61)
    at tryGetSourcePosition (tsserver.js:115380:61)
    at tryGetSourcePosition (tsserver.js:115380:61)
    at tryGetSourcePosition (tsserver.js:115380:61)
    at tryGetSourcePosition (tsserver.js:115380:61)
    at tryGetSourcePosition (tsserver.js:115380:61)
    at tryGetSourcePosition (tsserver.js:115380:61)
    at tryGetSourcePosition (tsserver.js:115380:61)
    at tryGetSourcePosition (tsserver.js:115380:61)
    at tryGetSourcePosition (tsserver.js:115380:61)
    at tryGetSourcePosition (tsserver.js:115380:61)
    at tryGetSourcePosition (tsserver.js:115380:61)
    at tryGetSourcePosition (tsserver.js:115380:61)
    at tryGetSourcePosition (tsserver.js:115380:61)
    at tryGetSourcePosition (tsserver.js:115380:61)
    at tryGetSourcePosition (tsserver.js:115380:61)
    at tryGetSourcePosition (tsserver.js:115380:61)
    at tryGetSourcePosition (tsserver.js:115380:61)
    at tryGetSourcePosition (tsserver.js:115380:61)
    at tryGetSourcePosition (tsserver.js:115380:61)
    at tryGetSourcePosition (tsserver.js:115380:61)
    at tryGetSourcePosition (tsserver.js:115380:61)
    at tryGetSourcePosition (tsserver.js:115380:61)
    at tryGetSourcePosition (tsserver.js:115380:61)
    at tryGetSourcePosition (tsserver.js:115380:61)
    at tryGetSourcePosition (tsserver.js:115380:61)
    at tryGetSourcePosition (tsserver.js:115380:61)
    at tryGetSourcePosition (tsserver.js:115380:61)
    at tryGetSourcePosition (tsserver.js:115380:61)
    at tryGetSourcePosition (tsserver.js:115380:61)
    at tryGetSourcePosition (tsserver.js:115380:61)
    at tryGetSourcePosition (tsserver.js:115380:61)
    at tryGetSourcePosition (tsserver.js:115380:61)
    at tryGetSourcePosition (tsserver.js:115380:61)
    at tryGetSourcePosition (tsserver.js:115380:61)
    at tryGetSourcePosition (tsserver.js:115380:61)
    at tryGetSourcePosition (tsserver.js:115380:61)
    at tryGetSourcePosition (tsserver.js:115380:61)
    at tryGetSourcePosition (tsserver.js:115380:61)
    at tryGetSourcePosition (tsserver.js:115380:61)
    at tryGetSourcePosition (tsserver.js:115380:61)
    at tryGetSourcePosition (tsserver.js:115380:61)
    at tryGetSourcePosition (tsserver.js:115380:61)
    at tryGetSourcePosition (tsserver.js:115380:61)
    at tryGetSourcePosition (tsserver.js:115380:61)
    at tryGetSourcePosition (tsserver.js:115380:61)
    at tryGetSourcePosition (tsserver.js:115380:61)
    at tryGetSourcePosition (tsserver.js:115380:61)
    at tryGetSourcePosition (tsserver.js:115380:61)
    at tryGetSourcePosition (tsserver.js:115380:61)
    at tryGetSourcePosition (tsserver.js:115380:61)
    at tryGetSourcePosition (tsserver.js:115380:61)
    at tryGetSourcePosition (tsserver.js:115380:61)
    at tryGetSourcePosition (tsserver.js:115380:61)
    at tryGetSourcePosition (tsserver.js:115380:61)
    at tryGetSourcePosition (tsserver.js:115380:61)
    at tryGetSourcePosition (tsserver.js:115380:61)
    at tryGetSourcePosition (tsserver.js:115380:61)
    at tryGetSourcePosition (tsserver.js:115380:61)
    at tryGetSourcePosition (tsserver.js:115380:61)
    at tryGetSourcePosition (tsserver.js:115380:61)
    at tryGetSourcePosition (tsserver.js:115380:61)
    at tryGetSourcePosition (tsserver.js:115380:61)
    at tryGetSourcePosition (tsserver.js:115380:61)
    at tryGetSourcePosition (tsserver.js:115380:61)
    at tryGetSourcePosition (tsserver.js:115380:61)
    at tryGetSourcePosition (tsserver.js:115380:61)
    at tryGetSourcePosition (tsserver.js:115380:61)
    at tryGetSourcePosition (tsserver.js:115380:61)
    at tryGetSourcePosition (tsserver.js:115380:61)
    at tryGetSourcePosition (tsserver.js:115380:61)
    at tryGetSourcePosition (tsserver.js:115380:61)
    at tryGetSourcePosition (tsserver.js:115380:61)
    at tryGetSourcePosition (tsserver.js:115380:61)
    at tryGetSourcePosition (tsserver.js:115380:61)
    at tryGetSourcePosition (tsserver.js:115380:61)
    at tryGetSourcePosition (tsserver.js:115380:61)
    at tryGetSourcePosition (tsserver.js:115380:61)
    at tryGetSourcePosition (tsserver.js:115380:61)
    at tryGetSourcePosition (tsserver.js:115380:61)
    at tryGetSourcePosition (tsserver.js:115380:61)
    at tryGetSourcePosition (tsserver.js:115380:61)
    at tryGetSourcePosition (tsserver.js:115380:61)
    at tryGetSourcePosition (tsserver.js:115380:61)
    at tryGetSourcePosition (tsserver.js:115380:61)
    at tryGetSourcePosition (tsserver.js:115380:61)
    at tryGetSourcePosition (tsserver.js:115380:61)
    at tryGetSourcePosition (tsserver.js:115380:61)
    at tryGetSourcePosition (tsserver.js:115380:61)
    at tryGetSourcePosition (tsserver.js:115380:61)
	at Function.create (/usr/share/code/resources/app/extensions/typescript-language-features/dist/extension.js:1:47388)
	at h.dispatchResponse (/usr/share/code/resources/app/extensions/typescript-language-features/dist/extension.js:1:206557)
	at h.dispatchMessage (/usr/share/code/resources/app/extensions/typescript-language-features/dist/extension.js:1:205455)
	at /usr/share/code/resources/app/extensions/typescript-language-features/dist/extension.js:1:204931
	at l.fire (/usr/share/code/resources/app/out/vs/workbench/services/extensions/node/extensionHostProcess.js:46:893)
	at t.Reader.onLengthData (/usr/share/code/resources/app/extensions/typescript-language-features/dist/extension.js:1:212021)
	at Socket.<anonymous> (/usr/share/code/resources/app/extensions/typescript-language-features/dist/extension.js:1:211669)
	at Socket.emit (events.js:200:13)
	at addChunk (_stream_readable.js:294:12)
	at readableAddChunk (_stream_readable.js:275:11)
	at Socket.Readable.push (_stream_readable.js:210:10)
	at Pipe.onStreamRead (internal/stream_base_commons.js:166:17)
[2020-02-10 18:20:26.381] [exthost] [error] [vscode.typescript-language-features] provider FAILED
[2020-02-10 18:20:26.381] [exthost] [error] Error: <semantic> TypeScript Server Error (3.7.3)
Maximum call stack size exceeded
RangeError: Maximum call stack size exceeded
    at String.replace (<anonymous>)
    at normalizeSlashes (tsserver.js:5897:21)
    at combinePaths (tsserver.js:5958:28)
    at getPathComponents (tsserver.js:5872:16)
    at normalizePath (tsserver.js:6006:73)
    at Object.toPath (tsserver.js:6021:15)
    at toPath (tsserver.js:115355:23)
    at getSourceFile (tsserver.js:115407:24)
    at tryGetSourcePosition (tsserver.js:115376:24)
    at tryGetSourcePosition (tsserver.js:115380:61)
    at tryGetSourcePosition (tsserver.js:115380:61)
    at tryGetSourcePosition (tsserver.js:115380:61)
    at tryGetSourcePosition (tsserver.js:115380:61)
    at tryGetSourcePosition (tsserver.js:115380:61)
    at tryGetSourcePosition (tsserver.js:115380:61)
    at tryGetSourcePosition (tsserver.js:115380:61)
    at tryGetSourcePosition (tsserver.js:115380:61)
    at tryGetSourcePosition (tsserver.js:115380:61)
    at tryGetSourcePosition (tsserver.js:115380:61)
    at tryGetSourcePosition (tsserver.js:115380:61)
    at tryGetSourcePosition (tsserver.js:115380:61)
    at tryGetSourcePosition (tsserver.js:115380:61)
    at tryGetSourcePosition (tsserver.js:115380:61)
    at tryGetSourcePosition (tsserver.js:115380:61)
    at tryGetSourcePosition (tsserver.js:115380:61)
    at tryGetSourcePosition (tsserver.js:115380:61)
    at tryGetSourcePosition (tsserver.js:115380:61)
    at tryGetSourcePosition (tsserver.js:115380:61)
    at tryGetSourcePosition (tsserver.js:115380:61)
    at tryGetSourcePosition (tsserver.js:115380:61)
    at tryGetSourcePosition (tsserver.js:115380:61)
    at tryGetSourcePosition (tsserver.js:115380:61)
    at tryGetSourcePosition (tsserver.js:115380:61)
    at tryGetSourcePosition (tsserver.js:115380:61)
    at tryGetSourcePosition (tsserver.js:115380:61)
    at tryGetSourcePosition (tsserver.js:115380:61)
    at tryGetSourcePosition (tsserver.js:115380:61)
    at tryGetSourcePosition (tsserver.js:115380:61)
    at tryGetSourcePosition (tsserver.js:115380:61)
    at tryGetSourcePosition (tsserver.js:115380:61)
    at tryGetSourcePosition (tsserver.js:115380:61)
    at tryGetSourcePosition (tsserver.js:115380:61)
    at tryGetSourcePosition (tsserver.js:115380:61)
    at tryGetSourcePosition (tsserver.js:115380:61)
    at tryGetSourcePosition (tsserver.js:115380:61)
    at tryGetSourcePosition (tsserver.js:115380:61)
    at tryGetSourcePosition (tsserver.js:115380:61)
    at tryGetSourcePosition (tsserver.js:115380:61)
    at tryGetSourcePosition (tsserver.js:115380:61)
    at tryGetSourcePosition (tsserver.js:115380:61)
    at tryGetSourcePosition (tsserver.js:115380:61)
    at tryGetSourcePosition (tsserver.js:115380:61)
    at tryGetSourcePosition (tsserver.js:115380:61)
    at tryGetSourcePosition (tsserver.js:115380:61)
    at tryGetSourcePosition (tsserver.js:115380:61)
    at tryGetSourcePosition (tsserver.js:115380:61)
    at tryGetSourcePosition (tsserver.js:115380:61)
    at tryGetSourcePosition (tsserver.js:115380:61)
    at tryGetSourcePosition (tsserver.js:115380:61)
    at tryGetSourcePosition (tsserver.js:115380:61)
    at tryGetSourcePosition (tsserver.js:115380:61)
    at tryGetSourcePosition (tsserver.js:115380:61)
    at tryGetSourcePosition (tsserver.js:115380:61)
    at tryGetSourcePosition (tsserver.js:115380:61)
    at tryGetSourcePosition (tsserver.js:115380:61)
    at tryGetSourcePosition (tsserver.js:115380:61)
    at tryGetSourcePosition (tsserver.js:115380:61)
    at tryGetSourcePosition (tsserver.js:115380:61)
    at tryGetSourcePosition (tsserver.js:115380:61)
    at tryGetSourcePosition (tsserver.js:115380:61)
    at tryGetSourcePosition (tsserver.js:115380:61)
    at tryGetSourcePosition (tsserver.js:115380:61)
    at tryGetSourcePosition (tsserver.js:115380:61)
    at tryGetSourcePosition (tsserver.js:115380:61)
    at tryGetSourcePosition (tsserver.js:115380:61)
    at tryGetSourcePosition (tsserver.js:115380:61)
    at tryGetSourcePosition (tsserver.js:115380:61)
    at tryGetSourcePosition (tsserver.js:115380:61)
    at tryGetSourcePosition (tsserver.js:115380:61)
    at tryGetSourcePosition (tsserver.js:115380:61)
    at tryGetSourcePosition (tsserver.js:115380:61)
    at tryGetSourcePosition (tsserver.js:115380:61)
    at tryGetSourcePosition (tsserver.js:115380:61)
    at tryGetSourcePosition (tsserver.js:115380:61)
    at tryGetSourcePosition (tsserver.js:115380:61)
    at tryGetSourcePosition (tsserver.js:115380:61)
    at tryGetSourcePosition (tsserver.js:115380:61)
    at tryGetSourcePosition (tsserver.js:115380:61)
    at tryGetSourcePosition (tsserver.js:115380:61)
    at tryGetSourcePosition (tsserver.js:115380:61)
    at tryGetSourcePosition (tsserver.js:115380:61)
    at tryGetSourcePosition (tsserver.js:115380:61)
    at tryGetSourcePosition (tsserver.js:115380:61)
    at tryGetSourcePosition (tsserver.js:115380:61)
    at tryGetSourcePosition (tsserver.js:115380:61)
    at tryGetSourcePosition (tsserver.js:115380:61)
    at tryGetSourcePosition (tsserver.js:115380:61)
    at tryGetSourcePosition (tsserver.js:115380:61)
    at tryGetSourcePosition (tsserver.js:115380:61)
    at tryGetSourcePosition (tsserver.js:115380:61)
	at Function.create (/usr/share/code/resources/app/extensions/typescript-language-features/dist/extension.js:1:47388)
	at h.dispatchResponse (/usr/share/code/resources/app/extensions/typescript-language-features/dist/extension.js:1:206557)
	at h.dispatchMessage (/usr/share/code/resources/app/extensions/typescript-language-features/dist/extension.js:1:205455)
	at /usr/share/code/resources/app/extensions/typescript-language-features/dist/extension.js:1:204931
	at l.fire (/usr/share/code/resources/app/out/vs/workbench/services/extensions/node/extensionHostProcess.js:46:893)
	at t.Reader.onLengthData (/usr/share/code/resources/app/extensions/typescript-language-features/dist/extension.js:1:212021)
	at Socket.<anonymous> (/usr/share/code/resources/app/extensions/typescript-language-features/dist/extension.js:1:211669)
	at Socket.emit (events.js:200:13)
	at addChunk (_stream_readable.js:294:12)
	at readableAddChunk (_stream_readable.js:275:11)
	at Socket.Readable.push (_stream_readable.js:210:10)
	at Pipe.onStreamRead (internal/stream_base_commons.js:166:17)
[2020-02-10 18:20:29.132] [exthost] [error] [vscode.typescript-language-features] provider FAILED
[2020-02-10 18:20:29.132] [exthost] [error] Error: <semantic> TypeScript Server Error (3.7.3)
Maximum call stack size exceeded
RangeError: Maximum call stack size exceeded
    at String.replace (<anonymous>)
    at normalizeSlashes (tsserver.js:5897:21)
    at combinePaths (tsserver.js:5958:28)
    at getPathComponents (tsserver.js:5872:16)
    at normalizePath (tsserver.js:6006:73)
    at Object.toPath (tsserver.js:6021:15)
    at toPath (tsserver.js:115355:23)
    at getSourceFile (tsserver.js:115407:24)
    at tryGetSourcePosition (tsserver.js:115376:24)
    at tryGetSourcePosition (tsserver.js:115380:61)
    at tryGetSourcePosition (tsserver.js:115380:61)
    at tryGetSourcePosition (tsserver.js:115380:61)
    at tryGetSourcePosition (tsserver.js:115380:61)
    at tryGetSourcePosition (tsserver.js:115380:61)
    at tryGetSourcePosition (tsserver.js:115380:61)
    at tryGetSourcePosition (tsserver.js:115380:61)
    at tryGetSourcePosition (tsserver.js:115380:61)
    at tryGetSourcePosition (tsserver.js:115380:61)
    at tryGetSourcePosition (tsserver.js:115380:61)
    at tryGetSourcePosition (tsserver.js:115380:61)
    at tryGetSourcePosition (tsserver.js:115380:61)
    at tryGetSourcePosition (tsserver.js:115380:61)
    at tryGetSourcePosition (tsserver.js:115380:61)
    at tryGetSourcePosition (tsserver.js:115380:61)
    at tryGetSourcePosition (tsserver.js:115380:61)
    at tryGetSourcePosition (tsserver.js:115380:61)
    at tryGetSourcePosition (tsserver.js:115380:61)
    at tryGetSourcePosition (tsserver.js:115380:61)
    at tryGetSourcePosition (tsserver.js:115380:61)
    at tryGetSourcePosition (tsserver.js:115380:61)
    at tryGetSourcePosition (tsserver.js:115380:61)
    at tryGetSourcePosition (tsserver.js:115380:61)
    at tryGetSourcePosition (tsserver.js:115380:61)
    at tryGetSourcePosition (tsserver.js:115380:61)
    at tryGetSourcePosition (tsserver.js:115380:61)
    at tryGetSourcePosition (tsserver.js:115380:61)
    at tryGetSourcePosition (tsserver.js:115380:61)
    at tryGetSourcePosition (tsserver.js:115380:61)
    at tryGetSourcePosition (tsserver.js:115380:61)
    at tryGetSourcePosition (tsserver.js:115380:61)
    at tryGetSourcePosition (tsserver.js:115380:61)
    at tryGetSourcePosition (tsserver.js:115380:61)
    at tryGetSourcePosition (tsserver.js:115380:61)
    at tryGetSourcePosition (tsserver.js:115380:61)
    at tryGetSourcePosition (tsserver.js:115380:61)
    at tryGetSourcePosition (tsserver.js:115380:61)
    at tryGetSourcePosition (tsserver.js:115380:61)
    at tryGetSourcePosition (tsserver.js:115380:61)
    at tryGetSourcePosition (tsserver.js:115380:61)
    at tryGetSourcePosition (tsserver.js:115380:61)
    at tryGetSourcePosition (tsserver.js:115380:61)
    at tryGetSourcePosition (tsserver.js:115380:61)
    at tryGetSourcePosition (tsserver.js:115380:61)
    at tryGetSourcePosition (tsserver.js:115380:61)
    at tryGetSourcePosition (tsserver.js:115380:61)
    at tryGetSourcePosition (tsserver.js:115380:61)
    at tryGetSourcePosition (tsserver.js:115380:61)
    at tryGetSourcePosition (tsserver.js:115380:61)
    at tryGetSourcePosition (tsserver.js:115380:61)
    at tryGetSourcePosition (tsserver.js:115380:61)
    at tryGetSourcePosition (tsserver.js:115380:61)
    at tryGetSourcePosition (tsserver.js:115380:61)
    at tryGetSourcePosition (tsserver.js:115380:61)
    at tryGetSourcePosition (tsserver.js:115380:61)
    at tryGetSourcePosition (tsserver.js:115380:61)
    at tryGetSourcePosition (tsserver.js:115380:61)
    at tryGetSourcePosition (tsserver.js:115380:61)
    at tryGetSourcePosition (tsserver.js:115380:61)
    at tryGetSourcePosition (tsserver.js:115380:61)
    at tryGetSourcePosition (tsserver.js:115380:61)
    at tryGetSourcePosition (tsserver.js:115380:61)
    at tryGetSourcePosition (tsserver.js:115380:61)
    at tryGetSourcePosition (tsserver.js:115380:61)
    at tryGetSourcePosition (tsserver.js:115380:61)
    at tryGetSourcePosition (tsserver.js:115380:61)
    at tryGetSourcePosition (tsserver.js:115380:61)
    at tryGetSourcePosition (tsserver.js:115380:61)
    at tryGetSourcePosition (tsserver.js:115380:61)
    at tryGetSourcePosition (tsserver.js:115380:61)
    at tryGetSourcePosition (tsserver.js:115380:61)
    at tryGetSourcePosition (tsserver.js:115380:61)
    at tryGetSourcePosition (tsserver.js:115380:61)
    at tryGetSourcePosition (tsserver.js:115380:61)
    at tryGetSourcePosition (tsserver.js:115380:61)
    at tryGetSourcePosition (tsserver.js:115380:61)
    at tryGetSourcePosition (tsserver.js:115380:61)
    at tryGetSourcePosition (tsserver.js:115380:61)
    at tryGetSourcePosition (tsserver.js:115380:61)
    at tryGetSourcePosition (tsserver.js:115380:61)
    at tryGetSourcePosition (tsserver.js:115380:61)
    at tryGetSourcePosition (tsserver.js:115380:61)
    at tryGetSourcePosition (tsserver.js:115380:61)
    at tryGetSourcePosition (tsserver.js:115380:61)
    at tryGetSourcePosition (tsserver.js:115380:61)
    at tryGetSourcePosition (tsserver.js:115380:61)
    at tryGetSourcePosition (tsserver.js:115380:61)
    at tryGetSourcePosition (tsserver.js:115380:61)
    at tryGetSourcePosition (tsserver.js:115380:61)
    at tryGetSourcePosition (tsserver.js:115380:61)
    at tryGetSourcePosition (tsserver.js:115380:61)
	at Function.create (/usr/share/code/resources/app/extensions/typescript-language-features/dist/extension.js:1:47388)
	at h.dispatchResponse (/usr/share/code/resources/app/extensions/typescript-language-features/dist/extension.js:1:206557)
	at h.dispatchMessage (/usr/share/code/resources/app/extensions/typescript-language-features/dist/extension.js:1:205455)
	at /usr/share/code/resources/app/extensions/typescript-language-features/dist/extension.js:1:204931
	at l.fire (/usr/share/code/resources/app/out/vs/workbench/services/extensions/node/extensionHostProcess.js:46:893)
	at t.Reader.onLengthData (/usr/share/code/resources/app/extensions/typescript-language-features/dist/extension.js:1:212021)
	at Socket.<anonymous> (/usr/share/code/resources/app/extensions/typescript-language-features/dist/extension.js:1:211669)
	at Socket.emit (events.js:200:13)
	at addChunk (_stream_readable.js:294:12)
	at readableAddChunk (_stream_readable.js:275:11)
	at Socket.Readable.push (_stream_readable.js:210:10)
	at Pipe.onStreamRead (internal/stream_base_commons.js:166:17)
[2020-02-10 18:21:11.630] [exthost] [error] [vscode.typescript-language-features] provider FAILED
[2020-02-10 18:21:11.630] [exthost] [error] Error: <semantic> TypeScript Server Error (3.7.3)
Maximum call stack size exceeded
RangeError: Maximum call stack size exceeded
    at String.replace (<anonymous>)
    at normalizeSlashes (tsserver.js:5897:21)
    at combinePaths (tsserver.js:5958:28)
    at getPathComponents (tsserver.js:5872:16)
    at normalizePath (tsserver.js:6006:73)
    at Object.toPath (tsserver.js:6021:15)
    at toPath (tsserver.js:115355:23)
    at getSourceFile (tsserver.js:115407:24)
    at tryGetSourcePosition (tsserver.js:115376:24)
    at tryGetSourcePosition (tsserver.js:115380:61)
    at tryGetSourcePosition (tsserver.js:115380:61)
    at tryGetSourcePosition (tsserver.js:115380:61)
    at tryGetSourcePosition (tsserver.js:115380:61)
    at tryGetSourcePosition (tsserver.js:115380:61)
    at tryGetSourcePosition (tsserver.js:115380:61)
    at tryGetSourcePosition (tsserver.js:115380:61)
    at tryGetSourcePosition (tsserver.js:115380:61)
    at tryGetSourcePosition (tsserver.js:115380:61)
    at tryGetSourcePosition (tsserver.js:115380:61)
    at tryGetSourcePosition (tsserver.js:115380:61)
    at tryGetSourcePosition (tsserver.js:115380:61)
    at tryGetSourcePosition (tsserver.js:115380:61)
    at tryGetSourcePosition (tsserver.js:115380:61)
    at tryGetSourcePosition (tsserver.js:115380:61)
    at tryGetSourcePosition (tsserver.js:115380:61)
    at tryGetSourcePosition (tsserver.js:115380:61)
    at tryGetSourcePosition (tsserver.js:115380:61)
    at tryGetSourcePosition (tsserver.js:115380:61)
    at tryGetSourcePosition (tsserver.js:115380:61)
    at tryGetSourcePosition (tsserver.js:115380:61)
    at tryGetSourcePosition (tsserver.js:115380:61)
    at tryGetSourcePosition (tsserver.js:115380:61)
    at tryGetSourcePosition (tsserver.js:115380:61)
    at tryGetSourcePosition (tsserver.js:115380:61)
    at tryGetSourcePosition (tsserver.js:115380:61)
    at tryGetSourcePosition (tsserver.js:115380:61)
    at tryGetSourcePosition (tsserver.js:115380:61)
    at tryGetSourcePosition (tsserver.js:115380:61)
    at tryGetSourcePosition (tsserver.js:115380:61)
    at tryGetSourcePosition (tsserver.js:115380:61)
    at tryGetSourcePosition (tsserver.js:115380:61)
    at tryGetSourcePosition (tsserver.js:115380:61)
    at tryGetSourcePosition (tsserver.js:115380:61)
    at tryGetSourcePosition (tsserver.js:115380:61)
    at tryGetSourcePosition (tsserver.js:115380:61)
    at tryGetSourcePosition (tsserver.js:115380:61)
    at tryGetSourcePosition (tsserver.js:115380:61)
    at tryGetSourcePosition (tsserver.js:115380:61)
    at tryGetSourcePosition (tsserver.js:115380:61)
    at tryGetSourcePosition (tsserver.js:115380:61)
    at tryGetSourcePosition (tsserver.js:115380:61)
    at tryGetSourcePosition (tsserver.js:115380:61)
    at tryGetSourcePosition (tsserver.js:115380:61)
    at tryGetSourcePosition (tsserver.js:115380:61)
    at tryGetSourcePosition (tsserver.js:115380:61)
    at tryGetSourcePosition (tsserver.js:115380:61)
    at tryGetSourcePosition (tsserver.js:115380:61)
    at tryGetSourcePosition (tsserver.js:115380:61)
    at tryGetSourcePosition (tsserver.js:115380:61)
    at tryGetSourcePosition (tsserver.js:115380:61)
    at tryGetSourcePosition (tsserver.js:115380:61)
    at tryGetSourcePosition (tsserver.js:115380:61)
    at tryGetSourcePosition (tsserver.js:115380:61)
    at tryGetSourcePosition (tsserver.js:115380:61)
    at tryGetSourcePosition (tsserver.js:115380:61)
    at tryGetSourcePosition (tsserver.js:115380:61)
    at tryGetSourcePosition (tsserver.js:115380:61)
    at tryGetSourcePosition (tsserver.js:115380:61)
    at tryGetSourcePosition (tsserver.js:115380:61)
    at tryGetSourcePosition (tsserver.js:115380:61)
    at tryGetSourcePosition (tsserver.js:115380:61)
    at tryGetSourcePosition (tsserver.js:115380:61)
    at tryGetSourcePosition (tsserver.js:115380:61)
    at tryGetSourcePosition (tsserver.js:115380:61)
    at tryGetSourcePosition (tsserver.js:115380:61)
    at tryGetSourcePosition (tsserver.js:115380:61)
    at tryGetSourcePosition (tsserver.js:115380:61)
    at tryGetSourcePosition (tsserver.js:115380:61)
    at tryGetSourcePosition (tsserver.js:115380:61)
    at tryGetSourcePosition (tsserver.js:115380:61)
    at tryGetSourcePosition (tsserver.js:115380:61)
    at tryGetSourcePosition (tsserver.js:115380:61)
    at tryGetSourcePosition (tsserver.js:115380:61)
    at tryGetSourcePosition (tsserver.js:115380:61)
    at tryGetSourcePosition (tsserver.js:115380:61)
    at tryGetSourcePosition (tsserver.js:115380:61)
    at tryGetSourcePosition (tsserver.js:115380:61)
    at tryGetSourcePosition (tsserver.js:115380:61)
    at tryGetSourcePosition (tsserver.js:115380:61)
    at tryGetSourcePosition (tsserver.js:115380:61)
    at tryGetSourcePosition (tsserver.js:115380:61)
    at tryGetSourcePosition (tsserver.js:115380:61)
    at tryGetSourcePosition (tsserver.js:115380:61)
    at tryGetSourcePosition (tsserver.js:115380:61)
    at tryGetSourcePosition (tsserver.js:115380:61)
    at tryGetSourcePosition (tsserver.js:115380:61)
    at tryGetSourcePosition (tsserver.js:115380:61)
    at tryGetSourcePosition (tsserver.js:115380:61)
    at tryGetSourcePosition (tsserver.js:115380:61)
    at tryGetSourcePosition (tsserver.js:115380:61)
	at Function.create (/usr/share/code/resources/app/extensions/typescript-language-features/dist/extension.js:1:47388)
	at h.dispatchResponse (/usr/share/code/resources/app/extensions/typescript-language-features/dist/extension.js:1:206557)
	at h.dispatchMessage (/usr/share/code/resources/app/extensions/typescript-language-features/dist/extension.js:1:205455)
	at /usr/share/code/resources/app/extensions/typescript-language-features/dist/extension.js:1:204931
	at l.fire (/usr/share/code/resources/app/out/vs/workbench/services/extensions/node/extensionHostProcess.js:46:893)
	at t.Reader.onLengthData (/usr/share/code/resources/app/extensions/typescript-language-features/dist/extension.js:1:212021)
	at Socket.<anonymous> (/usr/share/code/resources/app/extensions/typescript-language-features/dist/extension.js:1:211669)
	at Socket.emit (events.js:200:13)
	at addChunk (_stream_readable.js:294:12)
	at readableAddChunk (_stream_readable.js:275:11)
	at Socket.Readable.push (_stream_readable.js:210:10)
	at Pipe.onStreamRead (internal/stream_base_commons.js:166:17)
